<?xml version="1.0" encoding="UTF-8"?>
<!-- Generated by org.testng.reporters.JUnitXMLReporter -->
<testsuite ignored="2" hostname="LP-Dipali" failures="0" tests="5" name="Full Card Payment" time="0.049" errors="0" timestamp="2025-08-20T23:14:16 GMT-06:00">
  <testcase classname="com.bookingzoneadmin.pages.BaseClass" name="@BeforeSuite initialiseBrowser" time="5.385">
    <failure type="org.openqa.selenium.NoSuchSessionException" message="invalid session id: session deleted as the browser has closed the connection
from disconnected: not connected to DevTools
  (Session info: chrome=139.0.7258.128)
Build info: version: &amp;apos;4.18.1&amp;apos;, revision: &amp;apos;b1d3319b48&amp;apos;
System info: os.name: &amp;apos;Windows 11&amp;apos;, os.arch: &amp;apos;amd64&amp;apos;, os.version: &amp;apos;10.0&amp;apos;, java.version: &amp;apos;17.0.2&amp;apos;
Driver info: org.openqa.selenium.chrome.ChromeDriver
Command: [9237ab3fbb564b8fcb6c02e785f430b2, get {url=https://admin.test.bookingzone.com}]
Capabilities {acceptInsecureCerts: false, browserName: chrome, browserVersion: 139.0.7258.128, chrome: {chromedriverVersion: 139.0.7258.138 (884e54ea8d4..., userDataDir: C:\Users\dipal\AppData\Loca...}, fedcm:accounts: true, goog:chromeOptions: {debuggerAddress: localhost:52762}, networkConnectionEnabled: false, pageLoadStrategy: normal, platformName: windows, proxy: Proxy(), se:cdp: ws://localhost:52762/devtoo..., se:cdpVersion: 139.0.7258.128, setWindowRect: true, strictFileInteractability: false, timeouts: {implicit: 0, pageLoad: 300000, script: 30000}, unhandledPromptBehavior: dismiss and notify, webauthn:extension:credBlob: true, webauthn:extension:largeBlob: true, webauthn:extension:minPinLength: true, webauthn:extension:prf: true, webauthn:virtualAuthenticators: true}
Session ID: 9237ab3fbb564b8fcb6c02e785f430b2">
      <![CDATA[org.openqa.selenium.NoSuchSessionException: invalid session id: session deleted as the browser has closed the connection
from disconnected: not connected to DevTools
  (Session info: chrome=139.0.7258.128)
Build info: version: '4.18.1', revision: 'b1d3319b48'
System info: os.name: 'Windows 11', os.arch: 'amd64', os.version: '10.0', java.version: '17.0.2'
Driver info: org.openqa.selenium.chrome.ChromeDriver
Command: [9237ab3fbb564b8fcb6c02e785f430b2, get {url=https://admin.test.bookingzone.com}]
Capabilities {acceptInsecureCerts: false, browserName: chrome, browserVersion: 139.0.7258.128, chrome: {chromedriverVersion: 139.0.7258.138 (884e54ea8d4..., userDataDir: C:\Users\dipal\AppData\Loca...}, fedcm:accounts: true, goog:chromeOptions: {debuggerAddress: localhost:52762}, networkConnectionEnabled: false, pageLoadStrategy: normal, platformName: windows, proxy: Proxy(), se:cdp: ws://localhost:52762/devtoo..., se:cdpVersion: 139.0.7258.128, setWindowRect: true, strictFileInteractability: false, timeouts: {implicit: 0, pageLoad: 300000, script: 30000}, unhandledPromptBehavior: dismiss and notify, webauthn:extension:credBlob: true, webauthn:extension:largeBlob: true, webauthn:extension:minPinLength: true, webauthn:extension:prf: true, webauthn:virtualAuthenticators: true}
Session ID: 9237ab3fbb564b8fcb6c02e785f430b2
at java.base/jdk.internal.reflect.NativeConstructorAccessorImpl.newInstance0(Native Method)
at java.base/jdk.internal.reflect.NativeConstructorAccessorImpl.newInstance(NativeConstructorAccessorImpl.java:77)
at java.base/jdk.internal.reflect.DelegatingConstructorAccessorImpl.newInstance(DelegatingConstructorAccessorImpl.java:45)
at java.base/java.lang.reflect.Constructor.newInstanceWithCaller(Constructor.java:499)
at java.base/java.lang.reflect.Constructor.newInstance(Constructor.java:480)
at org.openqa.selenium.remote.ErrorCodec.decode(ErrorCodec.java:167)
at org.openqa.selenium.remote.codec.w3c.W3CHttpResponseCodec.decode(W3CHttpResponseCodec.java:138)
at org.openqa.selenium.remote.codec.w3c.W3CHttpResponseCodec.decode(W3CHttpResponseCodec.java:50)
at org.openqa.selenium.remote.HttpCommandExecutor.execute(HttpCommandExecutor.java:190)
at org.openqa.selenium.remote.service.DriverCommandExecutor.invokeExecute(DriverCommandExecutor.java:216)
at org.openqa.selenium.remote.service.DriverCommandExecutor.execute(DriverCommandExecutor.java:174)
at org.openqa.selenium.remote.RemoteWebDriver.execute(RemoteWebDriver.java:519)
at org.openqa.selenium.remote.RemoteWebDriver.get(RemoteWebDriver.java:301)
at com.bookingzoneadmin.pages.BaseClass.initialiseBrowser(BaseClass.java:77)
at java.base/jdk.internal.reflect.NativeMethodAccessorImpl.invoke0(Native Method)
at java.base/jdk.internal.reflect.NativeMethodAccessorImpl.invoke(NativeMethodAccessorImpl.java:77)
at java.base/jdk.internal.reflect.DelegatingMethodAccessorImpl.invoke(DelegatingMethodAccessorImpl.java:43)
at java.base/java.lang.reflect.Method.invoke(Method.java:568)
at org.testng.internal.invokers.MethodInvocationHelper.invokeMethod(MethodInvocationHelper.java:139)
at org.testng.internal.invokers.MethodInvocationHelper.invokeMethodConsideringTimeout(MethodInvocationHelper.java:69)
at org.testng.internal.invokers.ConfigInvoker.invokeConfigurationMethod(ConfigInvoker.java:390)
at org.testng.internal.invokers.ConfigInvoker.invokeConfigurations(ConfigInvoker.java:325)
at org.testng.SuiteRunner.privateRun(SuiteRunner.java:382)
at org.testng.SuiteRunner.run(SuiteRunner.java:336)
at org.testng.SuiteRunnerWorker.runSuite(SuiteRunnerWorker.java:52)
at org.testng.SuiteRunnerWorker.run(SuiteRunnerWorker.java:95)
at org.testng.TestNG.runSuitesSequentially(TestNG.java:1280)
at org.testng.TestNG.runSuitesLocally(TestNG.java:1200)
at org.testng.TestNG.runSuites(TestNG.java:1114)
at org.testng.TestNG.run(TestNG.java:1082)
at org.testng.remote.AbstractRemoteTestNG.run(AbstractRemoteTestNG.java:115)
at org.testng.remote.RemoteTestNG.initAndRun(RemoteTestNG.java:251)
at org.testng.remote.RemoteTestNG.main(RemoteTestNG.java:77)
]]>
    </failure>
  </testcase> <!-- @BeforeSuite initialiseBrowser -->
  <testcase classname="com.bookingzoneadmin.FullPayment.TC001FullCardPayment" name="@BeforeClass initializeTest" time="0.0">
    <skipped/>
  </testcase> <!-- @BeforeClass initializeTest -->
  <testcase classname="com.bookingzoneadmin.pages.BaseClass" name="@BeforeMethod setupTest" time="0.0">
    <skipped/>
  </testcase> <!-- @BeforeMethod setupTest -->
  <testcase classname="com.bookingzoneadmin.pages.BaseClass" name="@AfterMethod checkStatusAndCaptureScreenshot" time="0.0">
    <skipped/>
  </testcase> <!-- @AfterMethod checkStatusAndCaptureScreenshot -->
  <testcase classname="com.bookingzoneadmin.pages.BaseClass" name="@AfterClass tearDownClass" time="0.0">
    <skipped/>
  </testcase> <!-- @AfterClass tearDownClass -->
  <testcase classname="com.bookingzoneadmin.FullPayment.TC001_EditFullCardPayBooking" name="@BeforeClass initializeTest" time="0.0">
    <skipped/>
  </testcase> <!-- @BeforeClass initializeTest -->
  <testcase classname="com.bookingzoneadmin.pages.BaseClass" name="@BeforeMethod setupTest" time="0.0">
    <skipped/>
  </testcase> <!-- @BeforeMethod setupTest -->
  <testcase classname="com.bookingzoneadmin.pages.BaseClass" name="@AfterMethod checkStatusAndCaptureScreenshot" time="0.0">
    <skipped/>
  </testcase> <!-- @AfterMethod checkStatusAndCaptureScreenshot -->
  <testcase classname="com.bookingzoneadmin.pages.BaseClass" name="@BeforeMethod setupTest" time="0.0">
    <skipped/>
  </testcase> <!-- @BeforeMethod setupTest -->
  <testcase classname="com.bookingzoneadmin.pages.BaseClass" name="@AfterMethod checkStatusAndCaptureScreenshot" time="0.0">
    <skipped/>
  </testcase> <!-- @AfterMethod checkStatusAndCaptureScreenshot -->
  <testcase classname="com.bookingzoneadmin.pages.BaseClass" name="@BeforeMethod setupTest" time="0.0">
    <skipped/>
  </testcase> <!-- @BeforeMethod setupTest -->
  <testcase classname="com.bookingzoneadmin.pages.BaseClass" name="@AfterMethod checkStatusAndCaptureScreenshot" time="0.0">
    <skipped/>
  </testcase> <!-- @AfterMethod checkStatusAndCaptureScreenshot -->
  <testcase classname="com.bookingzoneadmin.pages.BaseClass" name="@BeforeMethod setupTest" time="0.0">
    <skipped/>
  </testcase> <!-- @BeforeMethod setupTest -->
  <testcase classname="com.bookingzoneadmin.pages.BaseClass" name="@AfterMethod checkStatusAndCaptureScreenshot" time="0.0">
    <skipped/>
  </testcase> <!-- @AfterMethod checkStatusAndCaptureScreenshot -->
  <testcase classname="com.bookingzoneadmin.pages.BaseClass" name="@AfterClass tearDownClass" time="0.0">
    <skipped/>
  </testcase> <!-- @AfterClass tearDownClass -->
  <testcase classname="com.bookingzoneadmin.FullPayment.TC001FullCardPayment" name="testCreateBookingWithCardPayment" time="0.0">
    <skipped/>
  </testcase> <!-- testCreateBookingWithCardPayment -->
  <testcase classname="com.bookingzoneadmin.FullPayment.TC001_EditFullCardPayBooking" name="testChangeBookingStatusToInProgress" time="0.0">
    <skipped/>
  </testcase> <!-- testChangeBookingStatusToInProgress -->
  <testcase classname="com.bookingzoneadmin.FullPayment.TC001_EditFullCardPayBooking" name="testAddPackage_AdditionalGuest" time="0.0">
    <skipped/>
  </testcase> <!-- testAddPackage_AdditionalGuest -->
  <testcase classname="com.bookingzoneadmin.FullPayment.TC001_EditFullCardPayBooking" name="testVerifyPaymentMethod_PaidAmountInTrasactionHistory" time="0.0">
    <skipped/>
  </testcase> <!-- testVerifyPaymentMethod_PaidAmountInTrasactionHistory -->
  <testcase classname="com.bookingzoneadmin.FullPayment.TC001_EditFullCardPayBooking" name="testVerifyForceRefund" time="0.0">
    <skipped/>
  </testcase> <!-- testVerifyForceRefund -->
  <testcase classname="com.bookingzoneadmin.pages.BaseClass" name="@BeforeSuite initialiseBrowser" time="0.0">
    <ignored/>
  </testcase> <!-- @BeforeSuite initialiseBrowser -->
  <testcase classname="com.bookingzoneadmin.pages.BaseClass" name="@AfterSuite teardownSuite" time="0.0">
    <ignored/>
  </testcase> <!-- @AfterSuite teardownSuite -->
</testsuite> <!-- Full Card Payment -->
