

<!DOCTYPE html>
<html>
<head>
<meta charset="UTF-8">
<meta name="viewport" content="width=device-width, initial-scale=1, shrink-to-fit=no">
<title>Test Report</title>
<link rel="apple-touch-icon" href="https://cdn.jsdelivr.net/gh/extent-framework/extent-github-cdn@b00a2d0486596e73dd7326beacf352c639623a0e/commons/img/logo.png">
<link rel="shortcut icon" href="https://cdn.jsdelivr.net/gh/extent-framework/extent-github-cdn@b00a2d0486596e73dd7326beacf352c639623a0e/commons/img/logo.png">
<link href="https://cdn.jsdelivr.net/gh/extent-framework/extent-github-cdn@d6562a79075e061305ccfdb82f01e5e195e2d307/spark/css/spark-style.css" rel="stylesheet" />
<link href="https://stackpath.bootstrapcdn.com/font-awesome/4.7.0/css/font-awesome.min.css" rel="stylesheet">
<script src="https://cdn.jsdelivr.net/gh/extent-framework/extent-github-cdn@7cc78ce/spark/js/jsontree.js"></script>
<style type="text/css"></style></head><body class="spa -report dark">
  <div class="app">
    <div class="layout">
<div class="header navbar">
<div class="vheader">
<div class="nav-logo">
<a href="#">
<div class="logo" style="background-image: url('https://cdn.jsdelivr.net/gh/extent-framework/extent-github-cdn@b00a2d0486596e73dd7326beacf352c639623a0e/commons/img/logo.png')"></div>
</a>
</div>
<ul class="nav-left">
<li class="search-box">
<a class="search-toggle" href="#">
<i class="search-icon fa fa-search"></i>
<i class="search-icon-close fa fa-close"></i>
</a>
</li>
<li class="search-input"><input id="search-tests" class="form-control" type="text" placeholder="Search..."></li>
</ul>
<ul class="nav-right">
<li class="m-r-10">
<a href="#"><span class="badge badge-primary">BZ Tests Report</span></a>
</li>
<li class="m-r-10">
<a href="#"><span class="badge badge-primary">Aug 20, 2025 06:48:59 am</span></a>
</li>
</ul>
</div>
</div><div class="side-nav">
<div class="side-nav-inner">
<ul class="side-nav-menu">
<li class="nav-item dropdown" onclick="toggleView('test-view')">
<a id="nav-test" class="dropdown-toggle" href="#">
<span class="ico"><i class="fa fa-list"></i></span>
</a>
</li>
<li class="nav-item dropdown" onclick="toggleView('exception-view')">
<a id="nav-exception" class="dropdown-toggle" href="#">
<span class="ico"><i class="fa fa-bug"></i></span>
</a>
</li>
<li class="nav-item dropdown" onclick="toggleView('device-view')">
<a id="nav-device" class="dropdown-toggle" href="#">
<span class="ico"><i class="fa fa-tablet"></i></span>
</a>
</li>
<li class="nav-item dropdown" onclick="toggleView('author-view')">
<a id="nav-author" class="dropdown-toggle" href="#">
<span class="ico"><i class="fa fa-user"></i></span>
</a>
</li>
<li class="nav-item dropdown" onclick="toggleView('dashboard-view')">
<a id="nav-dashboard" class="dropdown-toggle" href="#">
<span class="ico"><i class="fa fa-bar-chart"></i></span>
</a>
</li>
</ul>
</div>
</div>      <div class="vcontainer">
        <div class="main-content">
<div class="test-wrapper row view test-view">
  <div class="test-list">
    <div class="test-list-tools">
<ul class="tools pull-left">
<li><a href="#"><span class="font-size-14">Tests</span></a></li>
</ul>
<ul class="tools text-right">
<li class="dropdown">
<a href="#" class="dropdown-toggle" data-toggle="dropdown"><i class="fa fa-exclamation-circle"></i></a>
<ul id="status-toggle" class="dropdown-menu dropdown-md p-v-0">
<a class="dropdown-item" status="pass" href="#"><span>Pass</span><span class="status success"></span></a>
<a class="dropdown-item" status="fail" href="#"><span>Fail</span><span class="status danger"></span></a>
<div class="dropdown-divider"></div>
<a status="clear" class="dropdown-item" href="#"><span>Clear</span><span class="pull-right"><i class="fa fa-close"></i></span></a>
</ul>
</li>
<li class="dropdown">
<a href="#" class="dropdown-toggle" data-toggle="dropdown"><i class="fa fa-user"></i></a>
<ul id="author-toggle" class="dropdown-menu dropdown-md p-v-0">
<a class="dropdown-item" href="#">Dipali</a>
</ul>
</li>
<li class="dropdown">
<a href="#" class="dropdown-toggle" data-toggle="dropdown"><i class="fa fa-tablet"></i></a>
<ul id="device-toggle" class="dropdown-menu dropdown-md p-v-0">
<a class="dropdown-item" href="#">chrome139</a>
</ul>
</li>
</ul>
</div>    <div class="test-list-wrapper scrollable">
      <ul class="test-list-item">
        <li class="test-item"  status="pass" test-id="1"
          author="Dipali"
          tag=""
          device="chrome139">
          <div class="test-detail">
            <p class="name">Full Payment With URL</p>
            <p class="text-sm">
              <span>6:49:23 am</span> / <span>00:00:00:959</span>
              <span class="badge pass-bg log float-right">Pass</span>
            </p>
          </div>
          <div class="test-contents d-none">
<div class="detail-head">
<div class="p-v-10">
<div class="info">
<h5 class="test-status text-pass">Full Payment With URL</h5>
<span class='badge badge-success'>08.20.2025 6:49:23 am</span>
<span class='badge badge-danger'>08.20.2025 6:49:24 am</span>
<span class='badge badge-default'>00:00:00:959</span>
&middot; <span class='uri-anchor badge badge-default'>#test-id=1</span>
<span class='badge badge-default pointer float-right ml-1 et'><i class="fa fa-chevron-down"></i></span>
<span class='badge badge-default pointer float-right ct'><i class="fa fa-chevron-up"></i></span>
</div>
<div class="m-t-15"><span class="badge badge-pill badge-default">Dipali</span>
<span class="badge badge-pill badge-default">chrome139</span></div>
</div>
</div><div class="detail-body mt-4">
<table class="table table-sm">
  <thead><tr><th class="status-col">Status</th><th class="timestamp-col">Timestamp</th><th class="details-col">Details</th></tr></thead>
  <tbody>
      <tr class="event-row">
        <td><span class="badge log info-bg">Info</span></td>
        <td>6:49:24 am</td>
        <td>
          <span class='badge white-text blue'>Selected Business radio button</span>
        </td>
      </tr>
      <tr class="event-row">
        <td><span class="badge log info-bg">Info</span></td>
        <td>6:49:24 am</td>
        <td>
          <span class='badge white-text blue'>Login successful</span>
        </td>
      </tr>
  </tbody>
</table>
</div>
          </div>
        </li>
        <li class="test-item"  status="pass" test-id="2"
          author=""
          tag=""
          device="">
          <div class="test-detail">
            <p class="name">TC001FullCardPayment.testCreateBookingWithCardPayment</p>
            <p class="text-sm">
              <span>6:49:25 am</span> / <span>00:01:33:031</span>
              <span class="badge pass-bg log float-right">Pass</span>
            </p>
          </div>
          <div class="test-contents d-none">
<div class="detail-head">
<div class="p-v-10">
<div class="info">
<h5 class="test-status text-pass">TC001FullCardPayment.testCreateBookingWithCardPayment</h5>
<span class='badge badge-success'>08.20.2025 6:49:25 am</span>
<span class='badge badge-danger'>08.20.2025 6:50:58 am</span>
<span class='badge badge-default'>00:01:33:031</span>
&middot; <span class='uri-anchor badge badge-default'>#test-id=2</span>
<span class='badge badge-default pointer float-right ml-1 et'><i class="fa fa-chevron-down"></i></span>
<span class='badge badge-default pointer float-right ct'><i class="fa fa-chevron-up"></i></span>
</div>
</div>
</div><div class="detail-body mt-4">
<table class="table table-sm">
  <thead><tr><th class="status-col">Status</th><th class="timestamp-col">Timestamp</th><th class="details-col">Details</th></tr></thead>
  <tbody>
      <tr class="event-row">
        <td><span class="badge log info-bg">Info</span></td>
        <td>6:49:42 am</td>
        <td>
          <span class='badge white-text blue'>Clicked On Calendar Button...!</span>
        </td>
      </tr>
      <tr class="event-row">
        <td><span class="badge log info-bg">Info</span></td>
        <td>6:49:44 am</td>
        <td>
          <span class='badge white-text blue'>Selected Outlet: BZ Automation</span>
        </td>
      </tr>
      <tr class="event-row">
        <td><span class="badge log info-bg">Info</span></td>
        <td>6:49:44 am</td>
        <td>
          <span class='badge white-text blue'>Entered Customer Name: TestAutomation_TC001FullCardPayment_20_Aug_2025_06_49_25_am</span>
        </td>
      </tr>
      <tr class="event-row">
        <td><span class="badge log info-bg">Info</span></td>
        <td>6:49:47 am</td>
        <td>
          <span class='badge white-text blue'>Entered Customer Email: dip@yopmail.com</span>
        </td>
      </tr>
      <tr class="event-row">
        <td><span class="badge log info-bg">Info</span></td>
        <td>6:49:49 am</td>
        <td>
          <span class='badge white-text blue'>Clicked on create reservation button...!</span>
        </td>
      </tr>
      <tr class="event-row">
        <td><span class="badge log info-bg">Info</span></td>
        <td>6:49:51 am</td>
        <td>
          <span class='badge white-text blue'>Clicked on calendar symbol...!</span>
        </td>
      </tr>
      <tr class="event-row">
        <td><span class="badge log info-bg">Info</span></td>
        <td>6:49:51 am</td>
        <td>
          <span class='badge white-text blue'>Clicked on next month arrow on calendar...!</span>
        </td>
      </tr>
      <tr class="event-row">
        <td><span class="badge log info-bg">Info</span></td>
        <td>6:49:53 am</td>
        <td>
          <span class='badge white-text blue'>Selected Booking Date: 15</span>
        </td>
      </tr>
      <tr class="event-row">
        <td><span class="badge log info-bg">Info</span></td>
        <td>6:50:00 am</td>
        <td>
          <span class='badge white-text blue'>Selected Plan: Enable Package Session</span>
        </td>
      </tr>
      <tr class="event-row">
        <td><span class="badge log info-bg">Info</span></td>
        <td>6:50:06 am</td>
        <td>
          <span class='badge white-text blue'>First Reservation Slot Selected...!</span>
        </td>
      </tr>
      <tr class="event-row">
        <td><span class="badge log info-bg">Info</span></td>
        <td>6:50:11 am</td>
        <td>
          <span class='badge white-text blue'>Package Selected...!</span>
        </td>
      </tr>
      <tr class="event-row">
        <td><span class="badge log info-bg">Info</span></td>
        <td>6:50:15 am</td>
        <td>
          <span class='badge white-text blue'>Additional Guest Selected...!</span>
        </td>
      </tr>
      <tr class="event-row">
        <td><span class="badge log info-bg">Info</span></td>
        <td>6:50:20 am</td>
        <td>
          <span class='badge white-text blue'>Proceeded to payment...!</span>
        </td>
      </tr>
      <tr class="event-row">
        <td><span class="badge log info-bg">Info</span></td>
        <td>6:50:27 am</td>
        <td>
          <span class='badge white-text blue'>Verifying Subtotal. Expected: $30.0, Actual: $30.0</span>
        </td>
      </tr>
      <tr class="event-row">
        <td><span class="badge log pass-bg">Pass</span></td>
        <td>6:50:27 am</td>
        <td>
          <span class='badge white-text green'>Verify SubTotal Assertion Is Passed...!</span>
        </td>
      </tr>
      <tr class="event-row">
        <td><span class="badge log info-bg">Info</span></td>
        <td>6:50:27 am</td>
        <td>
          <span class='badge white-text blue'>Tip Amount not found, assuming 0.</span>
        </td>
      </tr>
      <tr class="event-row">
        <td><span class="badge log info-bg">Info</span></td>
        <td>6:50:27 am</td>
        <td>
          <span class='badge white-text blue'>Verifying Total Amount. Expected: $33.28, Actual: $33.28</span>
        </td>
      </tr>
      <tr class="event-row">
        <td><span class="badge log pass-bg">Pass</span></td>
        <td>6:50:27 am</td>
        <td>
          <span class='badge white-text green'>Total Amount Assertion Passed. Expected and actual total amounts match.</span>
        </td>
      </tr>
      <tr class="event-row">
        <td><span class="badge log info-bg">Info</span></td>
        <td>6:50:27 am</td>
        <td>
          <span class='badge white-text blue'>Selected Payment Method Is- mppg</span>
        </td>
      </tr>
      <tr class="event-row">
        <td><span class="badge log info-bg">Info</span></td>
        <td>6:50:29 am</td>
        <td>
          <span class='badge white-text blue'>Clicked on tip cross button...!</span>
        </td>
      </tr>
      <tr class="event-row">
        <td><span class="badge log info-bg">Info</span></td>
        <td>6:50:32 am</td>
        <td>
          <span class='badge white-text blue'>Entered Card Number: 4111 1111 1111 1111</span>
        </td>
      </tr>
      <tr class="event-row">
        <td><span class="badge log info-bg">Info</span></td>
        <td>6:50:34 am</td>
        <td>
          <span class='badge white-text blue'>Entered Expiry Date: 0124</span>
        </td>
      </tr>
      <tr class="event-row">
        <td><span class="badge log info-bg">Info</span></td>
        <td>6:50:37 am</td>
        <td>
          <span class='badge white-text blue'>Entered CVC: 123</span>
        </td>
      </tr>
      <tr class="event-row">
        <td><span class="badge log info-bg">Info</span></td>
        <td>6:50:39 am</td>
        <td>
          <span class='badge white-text blue'>Clicked on Pay Button...!</span>
        </td>
      </tr>
      <tr class="event-row">
        <td><span class="badge log info-bg">Info</span></td>
        <td>6:50:56 am</td>
        <td>
          <span class='badge white-text blue'>Booking Id Is- Rew81ZqgH8</span>
        </td>
      </tr>
      <tr class="event-row">
        <td><span class="badge log info-bg">Info</span></td>
        <td>6:50:56 am</td>
        <td>
          <span class='badge white-text blue'>Booking created successfully with ID: Rew81ZqgH8</span>
        </td>
      </tr>
      <tr class="event-row">
        <td><span class="badge log info-bg">Info</span></td>
        <td>6:50:56 am</td>
        <td>
          <span class='badge white-text blue'>Expected Status Is- Successful</span>
        </td>
      </tr>
      <tr class="event-row">
        <td><span class="badge log info-bg">Info</span></td>
        <td>6:50:56 am</td>
        <td>
          <span class='badge white-text blue'>Actual Status Is- Successful</span>
        </td>
      </tr>
      <tr class="event-row">
        <td><span class="badge log pass-bg">Pass</span></td>
        <td>6:50:56 am</td>
        <td>
          <span class='badge white-text green'>Verify Booking Status Assertion Is Passed...!</span>
        </td>
      </tr>
      <tr class="event-row">
        <td><span class="badge log info-bg">Info</span></td>
        <td>6:50:56 am</td>
        <td>
          <span class='badge white-text blue'>Clicked On Submit Button...!</span>
        </td>
      </tr>
      <tr class="event-row">
        <td><span class="badge log info-bg">Info</span></td>
        <td>6:50:58 am</td>
        <td>
          <span class='badge white-text blue'>Booking created successfully by Card payment.</span>
        </td>
      </tr>
      <tr class="event-row">
        <td><span class="badge log pass-bg">Pass</span></td>
        <td>6:50:58 am</td>
        <td>
          <span class='badge white-text green'>testCreateBookingWithCardPayment is passed</span>
        </td>
      </tr>
  </tbody>
</table>
</div>
          </div>
        </li>
        <li class="test-item"  status="pass" test-id="3"
          author=""
          tag=""
          device="">
          <div class="test-detail">
            <p class="name">TC001_EditFullCardPayBooking.testChangeBookingStatusToInProgress</p>
            <p class="text-sm">
              <span>6:50:58 am</span> / <span>00:00:14:591</span>
              <span class="badge pass-bg log float-right">Pass</span>
            </p>
          </div>
          <div class="test-contents d-none">
<div class="detail-head">
<div class="p-v-10">
<div class="info">
<h5 class="test-status text-pass">TC001_EditFullCardPayBooking.testChangeBookingStatusToInProgress</h5>
<span class='badge badge-success'>08.20.2025 6:50:58 am</span>
<span class='badge badge-danger'>08.20.2025 6:51:13 am</span>
<span class='badge badge-default'>00:00:14:591</span>
&middot; <span class='uri-anchor badge badge-default'>#test-id=3</span>
<span class='badge badge-default pointer float-right ml-1 et'><i class="fa fa-chevron-down"></i></span>
<span class='badge badge-default pointer float-right ct'><i class="fa fa-chevron-up"></i></span>
</div>
</div>
</div><div class="detail-body mt-4">
<table class="table table-sm">
  <thead><tr><th class="status-col">Status</th><th class="timestamp-col">Timestamp</th><th class="details-col">Details</th></tr></thead>
  <tbody>
      <tr class="event-row">
        <td><span class="badge log info-bg">Info</span></td>
        <td>6:50:58 am</td>
        <td>
          <span class='badge white-text blue'>Editing booking with ID: Rew81ZqgH8</span>
        </td>
      </tr>
      <tr class="event-row">
        <td><span class="badge log info-bg">Info</span></td>
        <td>6:50:58 am</td>
        <td>
          <span class='badge white-text blue'>Clicked on View Reservation Button...!</span>
        </td>
      </tr>
      <tr class="event-row">
        <td><span class="badge log info-bg">Info</span></td>
        <td>6:51:04 am</td>
        <td>
          <span class='badge white-text blue'>Booking Id Entered...!</span>
        </td>
      </tr>
      <tr class="event-row">
        <td><span class="badge log info-bg">Info</span></td>
        <td>6:51:04 am</td>
        <td>
          <span class='badge white-text blue'>Clicked On Booking Arrow...!</span>
        </td>
      </tr>
      <tr class="event-row">
        <td><span class="badge log info-bg">Info</span></td>
        <td>6:51:07 am</td>
        <td>
          <span class='badge white-text blue'>Booking status updated to In Progress for ID: Rew81ZqgH8</span>
        </td>
      </tr>
      <tr class="event-row">
        <td><span class="badge log info-bg">Info</span></td>
        <td>6:51:09 am</td>
        <td>
          <span class='badge white-text blue'>Clicked On Submit Button...!</span>
        </td>
      </tr>
      <tr class="event-row">
        <td><span class="badge log info-bg">Info</span></td>
        <td>6:51:11 am</td>
        <td>
          <span class='badge white-text blue'>Clicked on Yes Button To Change The Status...!</span>
        </td>
      </tr>
      <tr class="event-row">
        <td><span class="badge log info-bg">Info</span></td>
        <td>6:51:13 am</td>
        <td>
          <span class='badge white-text blue'>Booking status changed to: In Progress</span>
        </td>
      </tr>
      <tr class="event-row">
        <td><span class="badge log pass-bg">Pass</span></td>
        <td>6:51:13 am</td>
        <td>
          <span class='badge white-text green'>testChangeBookingStatusToInProgress is passed</span>
        </td>
      </tr>
  </tbody>
</table>
</div>
          </div>
        </li>
        <li class="test-item"  status="pass" test-id="4"
          author=""
          tag=""
          device="">
          <div class="test-detail">
            <p class="name">TC001_EditFullCardPayBooking.testAddPackage_AdditionalGuest</p>
            <p class="text-sm">
              <span>6:51:13 am</span> / <span>00:00:58:835</span>
              <span class="badge pass-bg log float-right">Pass</span>
            </p>
          </div>
          <div class="test-contents d-none">
<div class="detail-head">
<div class="p-v-10">
<div class="info">
<h5 class="test-status text-pass">TC001_EditFullCardPayBooking.testAddPackage_AdditionalGuest</h5>
<span class='badge badge-success'>08.20.2025 6:51:13 am</span>
<span class='badge badge-danger'>08.20.2025 6:52:12 am</span>
<span class='badge badge-default'>00:00:58:835</span>
&middot; <span class='uri-anchor badge badge-default'>#test-id=4</span>
<span class='badge badge-default pointer float-right ml-1 et'><i class="fa fa-chevron-down"></i></span>
<span class='badge badge-default pointer float-right ct'><i class="fa fa-chevron-up"></i></span>
</div>
</div>
</div><div class="detail-body mt-4">
<table class="table table-sm">
  <thead><tr><th class="status-col">Status</th><th class="timestamp-col">Timestamp</th><th class="details-col">Details</th></tr></thead>
  <tbody>
      <tr class="event-row">
        <td><span class="badge log info-bg">Info</span></td>
        <td>6:51:13 am</td>
        <td>
          <span class='badge white-text blue'>Editing booking with ID: Rew81ZqgH8</span>
        </td>
      </tr>
      <tr class="event-row">
        <td><span class="badge log info-bg">Info</span></td>
        <td>6:51:13 am</td>
        <td>
          <span class='badge white-text blue'>Clicked on View Reservation Button...!</span>
        </td>
      </tr>
      <tr class="event-row">
        <td><span class="badge log info-bg">Info</span></td>
        <td>6:51:17 am</td>
        <td>
          <span class='badge white-text blue'>Booking Id Entered...!</span>
        </td>
      </tr>
      <tr class="event-row">
        <td><span class="badge log info-bg">Info</span></td>
        <td>6:51:18 am</td>
        <td>
          <span class='badge white-text blue'>Clicked On Booking Arrow...!</span>
        </td>
      </tr>
      <tr class="event-row">
        <td><span class="badge log info-bg">Info</span></td>
        <td>6:51:20 am</td>
        <td>
          <span class='badge white-text blue'>Expected Status Is- In Progress</span>
        </td>
      </tr>
      <tr class="event-row">
        <td><span class="badge log info-bg">Info</span></td>
        <td>6:51:20 am</td>
        <td>
          <span class='badge white-text blue'>Actual Status Is- In Progress</span>
        </td>
      </tr>
      <tr class="event-row">
        <td><span class="badge log pass-bg">Pass</span></td>
        <td>6:51:20 am</td>
        <td>
          <span class='badge white-text green'>Verify Booking Status Assertion Is Passed...!</span>
        </td>
      </tr>
      <tr class="event-row">
        <td><span class="badge log info-bg">Info</span></td>
        <td>6:51:22 am</td>
        <td>
          <span class='badge white-text blue'>Click Edit Button...!</span>
        </td>
      </tr>
      <tr class="event-row">
        <td><span class="badge log info-bg">Info</span></td>
        <td>6:51:30 am</td>
        <td>
          <span class='badge white-text blue'>Package Selected...!</span>
        </td>
      </tr>
      <tr class="event-row">
        <td><span class="badge log info-bg">Info</span></td>
        <td>6:51:33 am</td>
        <td>
          <span class='badge white-text blue'>Additional Guest Selected...!</span>
        </td>
      </tr>
      <tr class="event-row">
        <td><span class="badge log info-bg">Info</span></td>
        <td>6:51:39 am</td>
        <td>
          <span class='badge white-text blue'>Clicked On Update Booking Button...!</span>
        </td>
      </tr>
      <tr class="event-row">
        <td><span class="badge log info-bg">Info</span></td>
        <td>6:51:40 am</td>
        <td>
          <span class='badge white-text blue'>Clicked On Confirm Edit Button...!</span>
        </td>
      </tr>
      <tr class="event-row">
        <td><span class="badge log info-bg">Info</span></td>
        <td>6:51:47 am</td>
        <td>
          <span class='badge white-text blue'>Verifying Subtotal. Expected: $60.0, Actual: $60.0</span>
        </td>
      </tr>
      <tr class="event-row">
        <td><span class="badge log pass-bg">Pass</span></td>
        <td>6:51:47 am</td>
        <td>
          <span class='badge white-text green'>Verify SubTotal Assertion Is Passed...!</span>
        </td>
      </tr>
      <tr class="event-row">
        <td><span class="badge log info-bg">Info</span></td>
        <td>6:51:47 am</td>
        <td>
          <span class='badge white-text blue'>Tip Amount not found, assuming 0.</span>
        </td>
      </tr>
      <tr class="event-row">
        <td><span class="badge log info-bg">Info</span></td>
        <td>6:51:47 am</td>
        <td>
          <span class='badge white-text blue'>Verifying Total Amount. Expected: $66.56, Actual: $66.56</span>
        </td>
      </tr>
      <tr class="event-row">
        <td><span class="badge log pass-bg">Pass</span></td>
        <td>6:51:47 am</td>
        <td>
          <span class='badge white-text green'>Total Amount Assertion Passed. Expected and actual total amounts match.</span>
        </td>
      </tr>
      <tr class="event-row">
        <td><span class="badge log info-bg">Info</span></td>
        <td>6:51:47 am</td>
        <td>
          <span class='badge white-text blue'>The Paid Amount Is- 33.28 and Blanace Amount Is- 33.28</span>
        </td>
      </tr>
      <tr class="event-row">
        <td><span class="badge log info-bg">Info</span></td>
        <td>6:51:47 am</td>
        <td>
          <span class='badge white-text blue'>Selected Payment Method Is- mppg</span>
        </td>
      </tr>
      <tr class="event-row">
        <td><span class="badge log info-bg">Info</span></td>
        <td>6:51:49 am</td>
        <td>
          <span class='badge white-text blue'>Clicked on tip cross button...!</span>
        </td>
      </tr>
      <tr class="event-row">
        <td><span class="badge log info-bg">Info</span></td>
        <td>6:51:52 am</td>
        <td>
          <span class='badge white-text blue'>Selected payment via saved card...!</span>
        </td>
      </tr>
      <tr class="event-row">
        <td><span class="badge log info-bg">Info</span></td>
        <td>6:51:52 am</td>
        <td>
          <span class='badge white-text blue'>Clicked on Pay Button...!</span>
        </td>
      </tr>
      <tr class="event-row">
        <td><span class="badge log info-bg">Info</span></td>
        <td>6:52:10 am</td>
        <td>
          <span class='badge white-text blue'>Expected Status Is- Successful</span>
        </td>
      </tr>
      <tr class="event-row">
        <td><span class="badge log info-bg">Info</span></td>
        <td>6:52:10 am</td>
        <td>
          <span class='badge white-text blue'>Actual Status Is- Successful</span>
        </td>
      </tr>
      <tr class="event-row">
        <td><span class="badge log pass-bg">Pass</span></td>
        <td>6:52:10 am</td>
        <td>
          <span class='badge white-text green'>Verify Booking Status Assertion Is Passed...!</span>
        </td>
      </tr>
      <tr class="event-row">
        <td><span class="badge log info-bg">Info</span></td>
        <td>6:52:10 am</td>
        <td>
          <span class='badge white-text blue'>Clicked On Submit Button...!</span>
        </td>
      </tr>
      <tr class="event-row">
        <td><span class="badge log info-bg">Info</span></td>
        <td>6:52:12 am</td>
        <td>
          <span class='badge white-text blue'>Booking updated successfully...!</span>
        </td>
      </tr>
      <tr class="event-row">
        <td><span class="badge log pass-bg">Pass</span></td>
        <td>6:52:12 am</td>
        <td>
          <span class='badge white-text green'>testAddPackage_AdditionalGuest is passed</span>
        </td>
      </tr>
  </tbody>
</table>
</div>
          </div>
        </li>
        <li class="test-item"  status="pass" test-id="5"
          author=""
          tag=""
          device="">
          <div class="test-detail">
            <p class="name">TC001_EditFullCardPayBooking.testVerifyPaymentMethod_PaidAmountInTrasactionHistory</p>
            <p class="text-sm">
              <span>6:52:12 am</span> / <span>00:00:13:817</span>
              <span class="badge pass-bg log float-right">Pass</span>
            </p>
          </div>
          <div class="test-contents d-none">
<div class="detail-head">
<div class="p-v-10">
<div class="info">
<h5 class="test-status text-pass">TC001_EditFullCardPayBooking.testVerifyPaymentMethod_PaidAmountInTrasactionHistory</h5>
<span class='badge badge-success'>08.20.2025 6:52:12 am</span>
<span class='badge badge-danger'>08.20.2025 6:52:25 am</span>
<span class='badge badge-default'>00:00:13:817</span>
&middot; <span class='uri-anchor badge badge-default'>#test-id=5</span>
<span class='badge badge-default pointer float-right ml-1 et'><i class="fa fa-chevron-down"></i></span>
<span class='badge badge-default pointer float-right ct'><i class="fa fa-chevron-up"></i></span>
</div>
</div>
</div><div class="detail-body mt-4">
<table class="table table-sm">
  <thead><tr><th class="status-col">Status</th><th class="timestamp-col">Timestamp</th><th class="details-col">Details</th></tr></thead>
  <tbody>
      <tr class="event-row">
        <td><span class="badge log info-bg">Info</span></td>
        <td>6:52:12 am</td>
        <td>
          <span class='badge white-text blue'>Verifying booking with ID: Rew81ZqgH8</span>
        </td>
      </tr>
      <tr class="event-row">
        <td><span class="badge log info-bg">Info</span></td>
        <td>6:52:12 am</td>
        <td>
          <span class='badge white-text blue'>Clicked on View Reservation Button...!</span>
        </td>
      </tr>
      <tr class="event-row">
        <td><span class="badge log info-bg">Info</span></td>
        <td>6:52:17 am</td>
        <td>
          <span class='badge white-text blue'>Booking Id Entered...!</span>
        </td>
      </tr>
      <tr class="event-row">
        <td><span class="badge log info-bg">Info</span></td>
        <td>6:52:17 am</td>
        <td>
          <span class='badge white-text blue'>Clicked On Booking Arrow...!</span>
        </td>
      </tr>
      <tr class="event-row">
        <td><span class="badge log info-bg">Info</span></td>
        <td>6:52:20 am</td>
        <td>
          <span class='badge white-text blue'>Clicked On Details Button...!</span>
        </td>
      </tr>
      <tr class="event-row">
        <td><span class="badge log info-bg">Info</span></td>
        <td>6:52:23 am</td>
        <td>
          <span class='badge white-text blue'>Clicked On Transaction History...!</span>
        </td>
      </tr>
      <tr class="event-row">
        <td><span class="badge log info-bg">Info</span></td>
        <td>6:52:25 am</td>
        <td>
          <span class='badge white-text blue'>Expected Payment Method For Row 1 Is- mppg and Expected Payment Amount For Row 1 Is- 33.28</span>
        </td>
      </tr>
      <tr class="event-row">
        <td><span class="badge log info-bg">Info</span></td>
        <td>6:52:25 am</td>
        <td>
          <span class='badge white-text blue'>Actual Payment Method For Row 1 Is- mppg and Actual Payment Amount For Row 1 Is- 33.28</span>
        </td>
      </tr>
      <tr class="event-row">
        <td><span class="badge log info-bg">Info</span></td>
        <td>6:52:25 am</td>
        <td>
          <span class='badge white-text blue'>Expected Payment Method For Row 2 Is- mppg and Expected Payment Amount For Row 2 Is- 33.28</span>
        </td>
      </tr>
      <tr class="event-row">
        <td><span class="badge log info-bg">Info</span></td>
        <td>6:52:25 am</td>
        <td>
          <span class='badge white-text blue'>Actual Payment Method For Row 2 Is- mppg and Actual Payment Amount For Row 2 Is- 33.28</span>
        </td>
      </tr>
      <tr class="event-row">
        <td><span class="badge log pass-bg">Pass</span></td>
        <td>6:52:25 am</td>
        <td>
          <span class='badge white-text green'>testVerifyPaymentMethod_PaidAmountInTrasactionHistory is passed</span>
        </td>
      </tr>
  </tbody>
</table>
</div>
          </div>
        </li>
        <li class="test-item"  status="pass" test-id="6"
          author=""
          tag=""
          device="">
          <div class="test-detail">
            <p class="name">TC001_EditFullCardPayBooking.testVerifyForceRefund</p>
            <p class="text-sm">
              <span>6:52:25 am</span> / <span>00:00:16:280</span>
              <span class="badge pass-bg log float-right">Pass</span>
            </p>
          </div>
          <div class="test-contents d-none">
<div class="detail-head">
<div class="p-v-10">
<div class="info">
<h5 class="test-status text-pass">TC001_EditFullCardPayBooking.testVerifyForceRefund</h5>
<span class='badge badge-success'>08.20.2025 6:52:25 am</span>
<span class='badge badge-danger'>08.20.2025 6:52:42 am</span>
<span class='badge badge-default'>00:00:16:280</span>
&middot; <span class='uri-anchor badge badge-default'>#test-id=6</span>
<span class='badge badge-default pointer float-right ml-1 et'><i class="fa fa-chevron-down"></i></span>
<span class='badge badge-default pointer float-right ct'><i class="fa fa-chevron-up"></i></span>
</div>
</div>
</div><div class="detail-body mt-4">
<table class="table table-sm">
  <thead><tr><th class="status-col">Status</th><th class="timestamp-col">Timestamp</th><th class="details-col">Details</th></tr></thead>
  <tbody>
      <tr class="event-row">
        <td><span class="badge log info-bg">Info</span></td>
        <td>6:52:26 am</td>
        <td>
          <span class='badge white-text blue'>Verifying booking with ID: Rew81ZqgH8</span>
        </td>
      </tr>
      <tr class="event-row">
        <td><span class="badge log info-bg">Info</span></td>
        <td>6:52:26 am</td>
        <td>
          <span class='badge white-text blue'>Clicked On Booking Detail...!</span>
        </td>
      </tr>
      <tr class="event-row">
        <td><span class="badge log info-bg">Info</span></td>
        <td>6:52:28 am</td>
        <td>
          <span class='badge white-text blue'>Clicked On Refund Icon...!</span>
        </td>
      </tr>
      <tr class="event-row">
        <td><span class="badge log info-bg">Info</span></td>
        <td>6:52:32 am</td>
        <td>
          <span class='badge white-text blue'>Refund Method Selected Is- : mppg</span>
        </td>
      </tr>
      <tr class="event-row">
        <td><span class="badge log info-bg">Info</span></td>
        <td>6:52:32 am</td>
        <td>
          <span class='badge white-text blue'>Clicked On Refund Type DropDown...!</span>
        </td>
      </tr>
      <tr class="event-row">
        <td><span class="badge log info-bg">Info</span></td>
        <td>6:52:32 am</td>
        <td>
          <span class='badge white-text blue'>Clicked On Percentage Symbol...!</span>
        </td>
      </tr>
      <tr class="event-row">
        <td><span class="badge log info-bg">Info</span></td>
        <td>6:52:34 am</td>
        <td>
          <span class='badge white-text blue'>Refund Amount Entered...!</span>
        </td>
      </tr>
      <tr class="event-row">
        <td><span class="badge log info-bg">Info</span></td>
        <td>6:52:34 am</td>
        <td>
          <span class='badge white-text blue'>Clicked On Save Button...!</span>
        </td>
      </tr>
      <tr class="event-row">
        <td><span class="badge log info-bg">Info</span></td>
        <td>6:52:36 am</td>
        <td>
          <span class='badge white-text blue'>Clicked On Refund Button...!</span>
        </td>
      </tr>
      <tr class="event-row">
        <td><span class="badge log pass-bg">Pass</span></td>
        <td>6:52:41 am</td>
        <td>
          <span class='badge white-text green'>Refund success notification is visible. Refund operation successful...!</span>
        </td>
      </tr>
      <tr class="event-row">
        <td><span class="badge log info-bg">Info</span></td>
        <td>6:52:42 am</td>
        <td>
          <span class='badge white-text blue'>Total Paid Amount Is- 66.56 Refunded Amount Is- 66.56</span>
        </td>
      </tr>
      <tr class="event-row">
        <td><span class="badge log pass-bg">Pass</span></td>
        <td>6:52:42 am</td>
        <td>
          <span class='badge white-text green'>Verify Booking Refund With Total Amount Assertion Is Passed...!</span>
        </td>
      </tr>
      <tr class="event-row">
        <td><span class="badge log pass-bg">Pass</span></td>
        <td>6:52:42 am</td>
        <td>
          <span class='badge white-text green'>testVerifyForceRefund is passed</span>
        </td>
      </tr>
  </tbody>
</table>
</div>
          </div>
        </li>
        <li class="test-item"  status="fail" test-id="7"
          author=""
          tag=""
          device="">
          <div class="test-detail">
            <p class="name">TC002FullCashPayment.testCreateBookingWithCashPayment</p>
            <p class="text-sm">
              <span>6:52:42 am</span> / <span>00:00:01:260</span>
              <span class="badge fail-bg log float-right">Fail</span>
            </p>
          </div>
          <div class="test-contents d-none">
<div class="detail-head">
<div class="p-v-10">
<div class="info">
<h5 class="test-status text-fail">TC002FullCashPayment.testCreateBookingWithCashPayment</h5>
<span class='badge badge-success'>08.20.2025 6:52:42 am</span>
<span class='badge badge-danger'>08.20.2025 6:52:43 am</span>
<span class='badge badge-default'>00:00:01:260</span>
&middot; <span class='uri-anchor badge badge-default'>#test-id=7</span>
<span class='badge badge-default pointer float-right ml-1 et'><i class="fa fa-chevron-down"></i></span>
<span class='badge badge-default pointer float-right ct'><i class="fa fa-chevron-up"></i></span>
</div>
</div>
</div>    <div class="row mb-3"><div class="col-md-3">
<img data-featherlight='/D:/Automation Project/bookingzoneadmin/Screenshots/20-08-2025/testCreateBookingWithCashPayment.jpg' src="/D:/Automation Project/bookingzoneadmin/Screenshots/20-08-2025/testCreateBookingWithCashPayment.jpg">
    <div class="title">Screenshot of Failure</div>
    </div></div>
<div class="detail-body mt-4">
<table class="table table-sm">
  <thead><tr><th class="status-col">Status</th><th class="timestamp-col">Timestamp</th><th class="details-col">Details</th></tr></thead>
  <tbody>
      <tr class="event-row">
        <td><span class="badge log fail-bg">Fail</span></td>
        <td>6:52:43 am</td>
        <td>
          <span class='badge white-text red'>testCreateBookingWithCashPayment test case failed due to element click intercepted: Element <div class="css-pfbhpp">...</div> is not clickable at point (155, 76). Other element would receive the click: <button class="MuiButtonBase-root MuiTab-root MuiTab-textColorPrimary Mui-selected css-1fk344z-MuiButtonBase-root-MuiTab-root" tabindex="0" type="button" role="tab" aria-selected="true">...</button>
  (Session info: chrome=139.0.7258.128)
Build info: version: '4.18.1', revision: 'b1d3319b48'
System info: os.name: 'Windows 11', os.arch: 'amd64', os.version: '10.0', java.version: '17.0.2'
Driver info: org.openqa.selenium.chrome.ChromeDriver
Command: [d8f6bdeb89b143d444b25869f0f05690, clickElement {id=f.36BF9FE39C1B84F2F00C7BF2A2D314B6.d.A21E1E62259535CDEC640D42073D7170.e.26}]
Capabilities {acceptInsecureCerts: false, browserName: chrome, browserVersion: 139.0.7258.128, chrome: {chromedriverVersion: 139.0.7258.138 (884e54ea8d4..., userDataDir: C:\Users\dipal\AppData\Loca...}, fedcm:accounts: true, goog:chromeOptions: {debuggerAddress: localhost:59643}, networkConnectionEnabled: false, pageLoadStrategy: normal, platformName: windows, proxy: Proxy(), se:cdp: ws://localhost:59643/devtoo..., se:cdpVersion: 139.0.7258.128, setWindowRect: true, strictFileInteractability: false, timeouts: {implicit: 0, pageLoad: 300000, script: 30000}, unhandledPromptBehavior: dismiss and notify, webauthn:extension:credBlob: true, webauthn:extension:largeBlob: true, webauthn:extension:minPinLength: true, webauthn:extension:prf: true, webauthn:virtualAuthenticators: true}
Element: [[ChromeDriver: chrome on windows (d8f6bdeb89b143d444b25869f0f05690)] -> xpath: //div[normalize-space()='Calendar']]
Session ID: d8f6bdeb89b143d444b25869f0f05690</span>
        </td>
      </tr>
      <tr class="event-row">
        <td><span class="badge log fail-bg">Fail</span></td>
        <td>6:52:43 am</td>
        <td>
          <textarea readonly class="code-block">java.lang.AssertionError: Test case failed due to exception: element click intercepted: Element <div class="css-pfbhpp">...</div> is not clickable at point (155, 76). Other element would receive the click: <button class="MuiButtonBase-root MuiTab-root MuiTab-textColorPrimary Mui-selected css-1fk344z-MuiButtonBase-root-MuiTab-root" tabindex="0" type="button" role="tab" aria-selected="true">...</button>
  (Session info: chrome=139.0.7258.128)
Build info: version: '4.18.1', revision: 'b1d3319b48'
System info: os.name: 'Windows 11', os.arch: 'amd64', os.version: '10.0', java.version: '17.0.2'
Driver info: org.openqa.selenium.chrome.ChromeDriver
Command: [d8f6bdeb89b143d444b25869f0f05690, clickElement {id=f.36BF9FE39C1B84F2F00C7BF2A2D314B6.d.A21E1E62259535CDEC640D42073D7170.e.26}]
Capabilities {acceptInsecureCerts: false, browserName: chrome, browserVersion: 139.0.7258.128, chrome: {chromedriverVersion: 139.0.7258.138 (884e54ea8d4..., userDataDir: C:\Users\dipal\AppData\Loca...}, fedcm:accounts: true, goog:chromeOptions: {debuggerAddress: localhost:59643}, networkConnectionEnabled: false, pageLoadStrategy: normal, platformName: windows, proxy: Proxy(), se:cdp: ws://localhost:59643/devtoo..., se:cdpVersion: 139.0.7258.128, setWindowRect: true, strictFileInteractability: false, timeouts: {implicit: 0, pageLoad: 300000, script: 30000}, unhandledPromptBehavior: dismiss and notify, webauthn:extension:credBlob: true, webauthn:extension:largeBlob: true, webauthn:extension:minPinLength: true, webauthn:extension:prf: true, webauthn:virtualAuthenticators: true}
Element: [[ChromeDriver: chrome on windows (d8f6bdeb89b143d444b25869f0f05690)] -> xpath: //div[normalize-space()='Calendar']]
Session ID: d8f6bdeb89b143d444b25869f0f05690
	at org.testng.Assert.fail(Assert.java:111)
	at com.bookingzoneadmin.FullPayment.TC002FullCashPayment.handleException(TC002FullCashPayment.java:112)
	at com.bookingzoneadmin.FullPayment.TC002FullCashPayment.testCreateBookingWithCashPayment(TC002FullCashPayment.java:93)
	at java.base/jdk.internal.reflect.NativeMethodAccessorImpl.invoke0(Native Method)
	at java.base/jdk.internal.reflect.NativeMethodAccessorImpl.invoke(NativeMethodAccessorImpl.java:77)
	at java.base/jdk.internal.reflect.DelegatingMethodAccessorImpl.invoke(DelegatingMethodAccessorImpl.java:43)
	at java.base/java.lang.reflect.Method.invoke(Method.java:568)
	at org.testng.internal.invokers.MethodInvocationHelper.invokeMethod(MethodInvocationHelper.java:139)
	at org.testng.internal.invokers.TestInvoker.invokeMethod(TestInvoker.java:664)
	at org.testng.internal.invokers.TestInvoker.invokeTestMethod(TestInvoker.java:227)
	at org.testng.internal.invokers.MethodRunner.runInSequence(MethodRunner.java:50)
	at org.testng.internal.invokers.TestInvoker$MethodInvocationAgent.invoke(TestInvoker.java:957)
	at org.testng.internal.invokers.TestInvoker.invokeTestMethods(TestInvoker.java:200)
	at org.testng.internal.invokers.TestMethodWorker.invokeTestMethods(TestMethodWorker.java:148)
	at org.testng.internal.invokers.TestMethodWorker.run(TestMethodWorker.java:128)
	at java.base/java.util.ArrayList.forEach(ArrayList.java:1511)
	at org.testng.TestRunner.privateRun(TestRunner.java:848)
	at org.testng.TestRunner.run(TestRunner.java:621)
	at org.testng.SuiteRunner.runTest(SuiteRunner.java:443)
	at org.testng.SuiteRunner.runSequentially(SuiteRunner.java:437)
	at org.testng.SuiteRunner.privateRun(SuiteRunner.java:397)
	at org.testng.SuiteRunner.run(SuiteRunner.java:336)
	at org.testng.SuiteRunnerWorker.runSuite(SuiteRunnerWorker.java:52)
	at org.testng.SuiteRunnerWorker.run(SuiteRunnerWorker.java:95)
	at org.testng.TestNG.runSuitesSequentially(TestNG.java:1280)
	at org.testng.TestNG.runSuitesLocally(TestNG.java:1200)
	at org.testng.TestNG.runSuites(TestNG.java:1114)
	at org.testng.TestNG.run(TestNG.java:1082)
	at org.testng.remote.AbstractRemoteTestNG.run(AbstractRemoteTestNG.java:115)
	at org.testng.remote.RemoteTestNG.initAndRun(RemoteTestNG.java:251)
	at org.testng.remote.RemoteTestNG.main(RemoteTestNG.java:77)
</textarea>
          
        </td>
      </tr>
      <tr class="event-row">
        <td><span class="badge log fail-bg">Fail</span></td>
        <td>6:52:43 am</td>
        <td>
          <span class='badge white-text red'>Exception during capturing screenshot: Cannot invoke "com.bookingzoneadmin.pages.BookingDetailsPage.closeOnTestFailure(org.testng.ITestResult)" because "this.bookingDetailsPage" is null</span>
        </td>
      </tr>
  </tbody>
</table>
</div>
          </div>
        </li>
        <li class="test-item"  status="fail" test-id="8"
          author=""
          tag=""
          device="">
          <div class="test-detail">
            <p class="name">TC002EditFullCashPayBooking.testChangeBookingStatusToCheckIn</p>
            <p class="text-sm">
              <span>6:52:44 am</span> / <span>00:00:01:270</span>
              <span class="badge fail-bg log float-right">Fail</span>
            </p>
          </div>
          <div class="test-contents d-none">
<div class="detail-head">
<div class="p-v-10">
<div class="info">
<h5 class="test-status text-fail">TC002EditFullCashPayBooking.testChangeBookingStatusToCheckIn</h5>
<span class='badge badge-success'>08.20.2025 6:52:44 am</span>
<span class='badge badge-danger'>08.20.2025 6:52:45 am</span>
<span class='badge badge-default'>00:00:01:270</span>
&middot; <span class='uri-anchor badge badge-default'>#test-id=8</span>
<span class='badge badge-default pointer float-right ml-1 et'><i class="fa fa-chevron-down"></i></span>
<span class='badge badge-default pointer float-right ct'><i class="fa fa-chevron-up"></i></span>
</div>
</div>
</div>    <div class="row mb-3"><div class="col-md-3">
<img data-featherlight='/D:/Automation Project/bookingzoneadmin/Screenshots/20-08-2025/testChangeBookingStatusToCheckIn.jpg' src="/D:/Automation Project/bookingzoneadmin/Screenshots/20-08-2025/testChangeBookingStatusToCheckIn.jpg">
    <div class="title">Screenshot of Failure</div>
    </div></div>
<div class="detail-body mt-4">
<table class="table table-sm">
  <thead><tr><th class="status-col">Status</th><th class="timestamp-col">Timestamp</th><th class="details-col">Details</th></tr></thead>
  <tbody>
      <tr class="event-row">
        <td><span class="badge log info-bg">Info</span></td>
        <td>6:52:44 am</td>
        <td>
          <span class='badge white-text blue'>Editing booking with ID: Rew81ZqgH8</span>
        </td>
      </tr>
      <tr class="event-row">
        <td><span class="badge log fail-bg">Fail</span></td>
        <td>6:52:45 am</td>
        <td>
          <span class='badge white-text red'>testChangeBookingStatusToCheckIn test case failed due to element click intercepted: Element <span class="MuiButton-label css-8xplcm-MuiButton-label">...</span> is not clickable at point (731, 262). Other element would receive the click: <td class="MuiTableCell-root MuiTableCell-body MuiTableCell-sizeMedium css-1gv9v7p-MuiTableCell-root">...</td>
  (Session info: chrome=139.0.7258.128)
Build info: version: '4.18.1', revision: 'b1d3319b48'
System info: os.name: 'Windows 11', os.arch: 'amd64', os.version: '10.0', java.version: '17.0.2'
Driver info: org.openqa.selenium.chrome.ChromeDriver
Command: [d8f6bdeb89b143d444b25869f0f05690, clickElement {id=f.36BF9FE39C1B84F2F00C7BF2A2D314B6.d.A21E1E62259535CDEC640D42073D7170.e.214}]
Capabilities {acceptInsecureCerts: false, browserName: chrome, browserVersion: 139.0.7258.128, chrome: {chromedriverVersion: 139.0.7258.138 (884e54ea8d4..., userDataDir: C:\Users\dipal\AppData\Loca...}, fedcm:accounts: true, goog:chromeOptions: {debuggerAddress: localhost:59643}, networkConnectionEnabled: false, pageLoadStrategy: normal, platformName: windows, proxy: Proxy(), se:cdp: ws://localhost:59643/devtoo..., se:cdpVersion: 139.0.7258.128, setWindowRect: true, strictFileInteractability: false, timeouts: {implicit: 0, pageLoad: 300000, script: 30000}, unhandledPromptBehavior: dismiss and notify, webauthn:extension:credBlob: true, webauthn:extension:largeBlob: true, webauthn:extension:minPinLength: true, webauthn:extension:prf: true, webauthn:virtualAuthenticators: true}
Element: [[ChromeDriver: chrome on windows (d8f6bdeb89b143d444b25869f0f05690)] -> xpath: //span[normalize-space()='View Reservations']]
Session ID: d8f6bdeb89b143d444b25869f0f05690</span>
        </td>
      </tr>
      <tr class="event-row">
        <td><span class="badge log fail-bg">Fail</span></td>
        <td>6:52:45 am</td>
        <td>
          <textarea readonly class="code-block">java.lang.AssertionError: Test case failed due to exception: element click intercepted: Element <span class="MuiButton-label css-8xplcm-MuiButton-label">...</span> is not clickable at point (731, 262). Other element would receive the click: <td class="MuiTableCell-root MuiTableCell-body MuiTableCell-sizeMedium css-1gv9v7p-MuiTableCell-root">...</td>
  (Session info: chrome=139.0.7258.128)
Build info: version: '4.18.1', revision: 'b1d3319b48'
System info: os.name: 'Windows 11', os.arch: 'amd64', os.version: '10.0', java.version: '17.0.2'
Driver info: org.openqa.selenium.chrome.ChromeDriver
Command: [d8f6bdeb89b143d444b25869f0f05690, clickElement {id=f.36BF9FE39C1B84F2F00C7BF2A2D314B6.d.A21E1E62259535CDEC640D42073D7170.e.214}]
Capabilities {acceptInsecureCerts: false, browserName: chrome, browserVersion: 139.0.7258.128, chrome: {chromedriverVersion: 139.0.7258.138 (884e54ea8d4..., userDataDir: C:\Users\dipal\AppData\Loca...}, fedcm:accounts: true, goog:chromeOptions: {debuggerAddress: localhost:59643}, networkConnectionEnabled: false, pageLoadStrategy: normal, platformName: windows, proxy: Proxy(), se:cdp: ws://localhost:59643/devtoo..., se:cdpVersion: 139.0.7258.128, setWindowRect: true, strictFileInteractability: false, timeouts: {implicit: 0, pageLoad: 300000, script: 30000}, unhandledPromptBehavior: dismiss and notify, webauthn:extension:credBlob: true, webauthn:extension:largeBlob: true, webauthn:extension:minPinLength: true, webauthn:extension:prf: true, webauthn:virtualAuthenticators: true}
Element: [[ChromeDriver: chrome on windows (d8f6bdeb89b143d444b25869f0f05690)] -> xpath: //span[normalize-space()='View Reservations']]
Session ID: d8f6bdeb89b143d444b25869f0f05690
	at org.testng.Assert.fail(Assert.java:111)
	at com.bookingzoneadmin.FullPayment.TC002EditFullCashPayBooking.handleException(TC002EditFullCashPayBooking.java:197)
	at com.bookingzoneadmin.FullPayment.TC002EditFullCashPayBooking.testChangeBookingStatusToCheckIn(TC002EditFullCashPayBooking.java:101)
	at java.base/jdk.internal.reflect.NativeMethodAccessorImpl.invoke0(Native Method)
	at java.base/jdk.internal.reflect.NativeMethodAccessorImpl.invoke(NativeMethodAccessorImpl.java:77)
	at java.base/jdk.internal.reflect.DelegatingMethodAccessorImpl.invoke(DelegatingMethodAccessorImpl.java:43)
	at java.base/java.lang.reflect.Method.invoke(Method.java:568)
	at org.testng.internal.invokers.MethodInvocationHelper.invokeMethod(MethodInvocationHelper.java:139)
	at org.testng.internal.invokers.TestInvoker.invokeMethod(TestInvoker.java:664)
	at org.testng.internal.invokers.TestInvoker.invokeTestMethod(TestInvoker.java:227)
	at org.testng.internal.invokers.MethodRunner.runInSequence(MethodRunner.java:50)
	at org.testng.internal.invokers.TestInvoker$MethodInvocationAgent.invoke(TestInvoker.java:957)
	at org.testng.internal.invokers.TestInvoker.invokeTestMethods(TestInvoker.java:200)
	at org.testng.internal.invokers.TestMethodWorker.invokeTestMethods(TestMethodWorker.java:148)
	at org.testng.internal.invokers.TestMethodWorker.run(TestMethodWorker.java:128)
	at java.base/java.util.ArrayList.forEach(ArrayList.java:1511)
	at org.testng.TestRunner.privateRun(TestRunner.java:848)
	at org.testng.TestRunner.run(TestRunner.java:621)
	at org.testng.SuiteRunner.runTest(SuiteRunner.java:443)
	at org.testng.SuiteRunner.runSequentially(SuiteRunner.java:437)
	at org.testng.SuiteRunner.privateRun(SuiteRunner.java:397)
	at org.testng.SuiteRunner.run(SuiteRunner.java:336)
	at org.testng.SuiteRunnerWorker.runSuite(SuiteRunnerWorker.java:52)
	at org.testng.SuiteRunnerWorker.run(SuiteRunnerWorker.java:95)
	at org.testng.TestNG.runSuitesSequentially(TestNG.java:1280)
	at org.testng.TestNG.runSuitesLocally(TestNG.java:1200)
	at org.testng.TestNG.runSuites(TestNG.java:1114)
	at org.testng.TestNG.run(TestNG.java:1082)
	at org.testng.remote.AbstractRemoteTestNG.run(AbstractRemoteTestNG.java:115)
	at org.testng.remote.RemoteTestNG.initAndRun(RemoteTestNG.java:251)
	at org.testng.remote.RemoteTestNG.main(RemoteTestNG.java:77)
</textarea>
          
        </td>
      </tr>
      <tr class="event-row">
        <td><span class="badge log fail-bg">Fail</span></td>
        <td>6:52:45 am</td>
        <td>
          <span class='badge white-text red'>Exception during capturing screenshot: Cannot invoke "com.bookingzoneadmin.pages.BookingDetailsPage.closeOnTestFailure(org.testng.ITestResult)" because "this.bookingDetailsPage" is null</span>
        </td>
      </tr>
  </tbody>
</table>
</div>
          </div>
        </li>
        <li class="test-item"  status="fail" test-id="9"
          author=""
          tag=""
          device="">
          <div class="test-detail">
            <p class="name">TC002EditFullCashPayBooking.testAddPackage_AdditionalGuest</p>
            <p class="text-sm">
              <span>6:52:45 am</span> / <span>00:00:01:237</span>
              <span class="badge fail-bg log float-right">Fail</span>
            </p>
          </div>
          <div class="test-contents d-none">
<div class="detail-head">
<div class="p-v-10">
<div class="info">
<h5 class="test-status text-fail">TC002EditFullCashPayBooking.testAddPackage_AdditionalGuest</h5>
<span class='badge badge-success'>08.20.2025 6:52:45 am</span>
<span class='badge badge-danger'>08.20.2025 6:52:46 am</span>
<span class='badge badge-default'>00:00:01:237</span>
&middot; <span class='uri-anchor badge badge-default'>#test-id=9</span>
<span class='badge badge-default pointer float-right ml-1 et'><i class="fa fa-chevron-down"></i></span>
<span class='badge badge-default pointer float-right ct'><i class="fa fa-chevron-up"></i></span>
</div>
</div>
</div>    <div class="row mb-3"><div class="col-md-3">
<img data-featherlight='/D:/Automation Project/bookingzoneadmin/Screenshots/20-08-2025/testAddPackage_AdditionalGuest.jpg' src="/D:/Automation Project/bookingzoneadmin/Screenshots/20-08-2025/testAddPackage_AdditionalGuest.jpg">
    <div class="title">Screenshot of Failure</div>
    </div></div>
<div class="detail-body mt-4">
<table class="table table-sm">
  <thead><tr><th class="status-col">Status</th><th class="timestamp-col">Timestamp</th><th class="details-col">Details</th></tr></thead>
  <tbody>
      <tr class="event-row">
        <td><span class="badge log info-bg">Info</span></td>
        <td>6:52:45 am</td>
        <td>
          <span class='badge white-text blue'>Editing booking with ID: Rew81ZqgH8</span>
        </td>
      </tr>
      <tr class="event-row">
        <td><span class="badge log fail-bg">Fail</span></td>
        <td>6:52:46 am</td>
        <td>
          <span class='badge white-text red'>testAddAdditionalGuestByCount test case failed due to element click intercepted: Element <span class="MuiButton-label css-8xplcm-MuiButton-label">...</span> is not clickable at point (731, 262). Other element would receive the click: <td class="MuiTableCell-root MuiTableCell-body MuiTableCell-sizeMedium css-1gv9v7p-MuiTableCell-root">...</td>
  (Session info: chrome=139.0.7258.128)
Build info: version: '4.18.1', revision: 'b1d3319b48'
System info: os.name: 'Windows 11', os.arch: 'amd64', os.version: '10.0', java.version: '17.0.2'
Driver info: org.openqa.selenium.chrome.ChromeDriver
Command: [d8f6bdeb89b143d444b25869f0f05690, clickElement {id=f.36BF9FE39C1B84F2F00C7BF2A2D314B6.d.A21E1E62259535CDEC640D42073D7170.e.214}]
Capabilities {acceptInsecureCerts: false, browserName: chrome, browserVersion: 139.0.7258.128, chrome: {chromedriverVersion: 139.0.7258.138 (884e54ea8d4..., userDataDir: C:\Users\dipal\AppData\Loca...}, fedcm:accounts: true, goog:chromeOptions: {debuggerAddress: localhost:59643}, networkConnectionEnabled: false, pageLoadStrategy: normal, platformName: windows, proxy: Proxy(), se:cdp: ws://localhost:59643/devtoo..., se:cdpVersion: 139.0.7258.128, setWindowRect: true, strictFileInteractability: false, timeouts: {implicit: 0, pageLoad: 300000, script: 30000}, unhandledPromptBehavior: dismiss and notify, webauthn:extension:credBlob: true, webauthn:extension:largeBlob: true, webauthn:extension:minPinLength: true, webauthn:extension:prf: true, webauthn:virtualAuthenticators: true}
Element: [[ChromeDriver: chrome on windows (d8f6bdeb89b143d444b25869f0f05690)] -> xpath: //span[normalize-space()='View Reservations']]
Session ID: d8f6bdeb89b143d444b25869f0f05690</span>
        </td>
      </tr>
      <tr class="event-row">
        <td><span class="badge log fail-bg">Fail</span></td>
        <td>6:52:46 am</td>
        <td>
          <textarea readonly class="code-block">java.lang.AssertionError: Test case failed due to exception: element click intercepted: Element <span class="MuiButton-label css-8xplcm-MuiButton-label">...</span> is not clickable at point (731, 262). Other element would receive the click: <td class="MuiTableCell-root MuiTableCell-body MuiTableCell-sizeMedium css-1gv9v7p-MuiTableCell-root">...</td>
  (Session info: chrome=139.0.7258.128)
Build info: version: '4.18.1', revision: 'b1d3319b48'
System info: os.name: 'Windows 11', os.arch: 'amd64', os.version: '10.0', java.version: '17.0.2'
Driver info: org.openqa.selenium.chrome.ChromeDriver
Command: [d8f6bdeb89b143d444b25869f0f05690, clickElement {id=f.36BF9FE39C1B84F2F00C7BF2A2D314B6.d.A21E1E62259535CDEC640D42073D7170.e.214}]
Capabilities {acceptInsecureCerts: false, browserName: chrome, browserVersion: 139.0.7258.128, chrome: {chromedriverVersion: 139.0.7258.138 (884e54ea8d4..., userDataDir: C:\Users\dipal\AppData\Loca...}, fedcm:accounts: true, goog:chromeOptions: {debuggerAddress: localhost:59643}, networkConnectionEnabled: false, pageLoadStrategy: normal, platformName: windows, proxy: Proxy(), se:cdp: ws://localhost:59643/devtoo..., se:cdpVersion: 139.0.7258.128, setWindowRect: true, strictFileInteractability: false, timeouts: {implicit: 0, pageLoad: 300000, script: 30000}, unhandledPromptBehavior: dismiss and notify, webauthn:extension:credBlob: true, webauthn:extension:largeBlob: true, webauthn:extension:minPinLength: true, webauthn:extension:prf: true, webauthn:virtualAuthenticators: true}
Element: [[ChromeDriver: chrome on windows (d8f6bdeb89b143d444b25869f0f05690)] -> xpath: //span[normalize-space()='View Reservations']]
Session ID: d8f6bdeb89b143d444b25869f0f05690
	at org.testng.Assert.fail(Assert.java:111)
	at com.bookingzoneadmin.FullPayment.TC002EditFullCashPayBooking.handleException(TC002EditFullCashPayBooking.java:197)
	at com.bookingzoneadmin.FullPayment.TC002EditFullCashPayBooking.testAddPackage_AdditionalGuest(TC002EditFullCashPayBooking.java:114)
	at java.base/jdk.internal.reflect.NativeMethodAccessorImpl.invoke0(Native Method)
	at java.base/jdk.internal.reflect.NativeMethodAccessorImpl.invoke(NativeMethodAccessorImpl.java:77)
	at java.base/jdk.internal.reflect.DelegatingMethodAccessorImpl.invoke(DelegatingMethodAccessorImpl.java:43)
	at java.base/java.lang.reflect.Method.invoke(Method.java:568)
	at org.testng.internal.invokers.MethodInvocationHelper.invokeMethod(MethodInvocationHelper.java:139)
	at org.testng.internal.invokers.TestInvoker.invokeMethod(TestInvoker.java:664)
	at org.testng.internal.invokers.TestInvoker.invokeTestMethod(TestInvoker.java:227)
	at org.testng.internal.invokers.MethodRunner.runInSequence(MethodRunner.java:50)
	at org.testng.internal.invokers.TestInvoker$MethodInvocationAgent.invoke(TestInvoker.java:957)
	at org.testng.internal.invokers.TestInvoker.invokeTestMethods(TestInvoker.java:200)
	at org.testng.internal.invokers.TestMethodWorker.invokeTestMethods(TestMethodWorker.java:148)
	at org.testng.internal.invokers.TestMethodWorker.run(TestMethodWorker.java:128)
	at java.base/java.util.ArrayList.forEach(ArrayList.java:1511)
	at org.testng.TestRunner.privateRun(TestRunner.java:848)
	at org.testng.TestRunner.run(TestRunner.java:621)
	at org.testng.SuiteRunner.runTest(SuiteRunner.java:443)
	at org.testng.SuiteRunner.runSequentially(SuiteRunner.java:437)
	at org.testng.SuiteRunner.privateRun(SuiteRunner.java:397)
	at org.testng.SuiteRunner.run(SuiteRunner.java:336)
	at org.testng.SuiteRunnerWorker.runSuite(SuiteRunnerWorker.java:52)
	at org.testng.SuiteRunnerWorker.run(SuiteRunnerWorker.java:95)
	at org.testng.TestNG.runSuitesSequentially(TestNG.java:1280)
	at org.testng.TestNG.runSuitesLocally(TestNG.java:1200)
	at org.testng.TestNG.runSuites(TestNG.java:1114)
	at org.testng.TestNG.run(TestNG.java:1082)
	at org.testng.remote.AbstractRemoteTestNG.run(AbstractRemoteTestNG.java:115)
	at org.testng.remote.RemoteTestNG.initAndRun(RemoteTestNG.java:251)
	at org.testng.remote.RemoteTestNG.main(RemoteTestNG.java:77)
</textarea>
          
        </td>
      </tr>
      <tr class="event-row">
        <td><span class="badge log fail-bg">Fail</span></td>
        <td>6:52:46 am</td>
        <td>
          <span class='badge white-text red'>Exception during capturing screenshot: Cannot invoke "com.bookingzoneadmin.pages.BookingDetailsPage.closeOnTestFailure(org.testng.ITestResult)" because "this.bookingDetailsPage" is null</span>
        </td>
      </tr>
  </tbody>
</table>
</div>
          </div>
        </li>
        <li class="test-item"  status="fail" test-id="10"
          author=""
          tag=""
          device="">
          <div class="test-detail">
            <p class="name">TC002EditFullCashPayBooking.testVerifyPaymentMethod_PaidAmountInTrasactionHistory</p>
            <p class="text-sm">
              <span>6:52:46 am</span> / <span>00:00:01:208</span>
              <span class="badge fail-bg log float-right">Fail</span>
            </p>
          </div>
          <div class="test-contents d-none">
<div class="detail-head">
<div class="p-v-10">
<div class="info">
<h5 class="test-status text-fail">TC002EditFullCashPayBooking.testVerifyPaymentMethod_PaidAmountInTrasactionHistory</h5>
<span class='badge badge-success'>08.20.2025 6:52:46 am</span>
<span class='badge badge-danger'>08.20.2025 6:52:47 am</span>
<span class='badge badge-default'>00:00:01:208</span>
&middot; <span class='uri-anchor badge badge-default'>#test-id=10</span>
<span class='badge badge-default pointer float-right ml-1 et'><i class="fa fa-chevron-down"></i></span>
<span class='badge badge-default pointer float-right ct'><i class="fa fa-chevron-up"></i></span>
</div>
</div>
</div>    <div class="row mb-3"><div class="col-md-3">
<img data-featherlight='/D:/Automation Project/bookingzoneadmin/Screenshots/20-08-2025/testVerifyPaymentMethod_PaidAmountInTrasactionHistory.jpg' src="/D:/Automation Project/bookingzoneadmin/Screenshots/20-08-2025/testVerifyPaymentMethod_PaidAmountInTrasactionHistory.jpg">
    <div class="title">Screenshot of Failure</div>
    </div></div>
<div class="detail-body mt-4">
<table class="table table-sm">
  <thead><tr><th class="status-col">Status</th><th class="timestamp-col">Timestamp</th><th class="details-col">Details</th></tr></thead>
  <tbody>
      <tr class="event-row">
        <td><span class="badge log info-bg">Info</span></td>
        <td>6:52:46 am</td>
        <td>
          <span class='badge white-text blue'>Editing booking with ID: Rew81ZqgH8</span>
        </td>
      </tr>
      <tr class="event-row">
        <td><span class="badge log fail-bg">Fail</span></td>
        <td>6:52:47 am</td>
        <td>
          <span class='badge white-text red'>testVerifyPaymentMethod_PaidAmountInTrasactionHistory test case failed due to element click intercepted: Element <span class="MuiButton-label css-8xplcm-MuiButton-label">...</span> is not clickable at point (731, 262). Other element would receive the click: <td class="MuiTableCell-root MuiTableCell-body MuiTableCell-sizeMedium css-1gv9v7p-MuiTableCell-root">...</td>
  (Session info: chrome=139.0.7258.128)
Build info: version: '4.18.1', revision: 'b1d3319b48'
System info: os.name: 'Windows 11', os.arch: 'amd64', os.version: '10.0', java.version: '17.0.2'
Driver info: org.openqa.selenium.chrome.ChromeDriver
Command: [d8f6bdeb89b143d444b25869f0f05690, clickElement {id=f.36BF9FE39C1B84F2F00C7BF2A2D314B6.d.A21E1E62259535CDEC640D42073D7170.e.214}]
Capabilities {acceptInsecureCerts: false, browserName: chrome, browserVersion: 139.0.7258.128, chrome: {chromedriverVersion: 139.0.7258.138 (884e54ea8d4..., userDataDir: C:\Users\dipal\AppData\Loca...}, fedcm:accounts: true, goog:chromeOptions: {debuggerAddress: localhost:59643}, networkConnectionEnabled: false, pageLoadStrategy: normal, platformName: windows, proxy: Proxy(), se:cdp: ws://localhost:59643/devtoo..., se:cdpVersion: 139.0.7258.128, setWindowRect: true, strictFileInteractability: false, timeouts: {implicit: 0, pageLoad: 300000, script: 30000}, unhandledPromptBehavior: dismiss and notify, webauthn:extension:credBlob: true, webauthn:extension:largeBlob: true, webauthn:extension:minPinLength: true, webauthn:extension:prf: true, webauthn:virtualAuthenticators: true}
Element: [[ChromeDriver: chrome on windows (d8f6bdeb89b143d444b25869f0f05690)] -> xpath: //span[normalize-space()='View Reservations']]
Session ID: d8f6bdeb89b143d444b25869f0f05690</span>
        </td>
      </tr>
      <tr class="event-row">
        <td><span class="badge log fail-bg">Fail</span></td>
        <td>6:52:47 am</td>
        <td>
          <textarea readonly class="code-block">java.lang.AssertionError: Test case failed due to exception: element click intercepted: Element <span class="MuiButton-label css-8xplcm-MuiButton-label">...</span> is not clickable at point (731, 262). Other element would receive the click: <td class="MuiTableCell-root MuiTableCell-body MuiTableCell-sizeMedium css-1gv9v7p-MuiTableCell-root">...</td>
  (Session info: chrome=139.0.7258.128)
Build info: version: '4.18.1', revision: 'b1d3319b48'
System info: os.name: 'Windows 11', os.arch: 'amd64', os.version: '10.0', java.version: '17.0.2'
Driver info: org.openqa.selenium.chrome.ChromeDriver
Command: [d8f6bdeb89b143d444b25869f0f05690, clickElement {id=f.36BF9FE39C1B84F2F00C7BF2A2D314B6.d.A21E1E62259535CDEC640D42073D7170.e.214}]
Capabilities {acceptInsecureCerts: false, browserName: chrome, browserVersion: 139.0.7258.128, chrome: {chromedriverVersion: 139.0.7258.138 (884e54ea8d4..., userDataDir: C:\Users\dipal\AppData\Loca...}, fedcm:accounts: true, goog:chromeOptions: {debuggerAddress: localhost:59643}, networkConnectionEnabled: false, pageLoadStrategy: normal, platformName: windows, proxy: Proxy(), se:cdp: ws://localhost:59643/devtoo..., se:cdpVersion: 139.0.7258.128, setWindowRect: true, strictFileInteractability: false, timeouts: {implicit: 0, pageLoad: 300000, script: 30000}, unhandledPromptBehavior: dismiss and notify, webauthn:extension:credBlob: true, webauthn:extension:largeBlob: true, webauthn:extension:minPinLength: true, webauthn:extension:prf: true, webauthn:virtualAuthenticators: true}
Element: [[ChromeDriver: chrome on windows (d8f6bdeb89b143d444b25869f0f05690)] -> xpath: //span[normalize-space()='View Reservations']]
Session ID: d8f6bdeb89b143d444b25869f0f05690
	at org.testng.Assert.fail(Assert.java:111)
	at com.bookingzoneadmin.FullPayment.TC002EditFullCashPayBooking.handleException(TC002EditFullCashPayBooking.java:197)
	at com.bookingzoneadmin.FullPayment.TC002EditFullCashPayBooking.testVerifyPaymentMethod_PaidAmountInTrasactionHistory(TC002EditFullCashPayBooking.java:129)
	at java.base/jdk.internal.reflect.NativeMethodAccessorImpl.invoke0(Native Method)
	at java.base/jdk.internal.reflect.NativeMethodAccessorImpl.invoke(NativeMethodAccessorImpl.java:77)
	at java.base/jdk.internal.reflect.DelegatingMethodAccessorImpl.invoke(DelegatingMethodAccessorImpl.java:43)
	at java.base/java.lang.reflect.Method.invoke(Method.java:568)
	at org.testng.internal.invokers.MethodInvocationHelper.invokeMethod(MethodInvocationHelper.java:139)
	at org.testng.internal.invokers.TestInvoker.invokeMethod(TestInvoker.java:664)
	at org.testng.internal.invokers.TestInvoker.invokeTestMethod(TestInvoker.java:227)
	at org.testng.internal.invokers.MethodRunner.runInSequence(MethodRunner.java:50)
	at org.testng.internal.invokers.TestInvoker$MethodInvocationAgent.invoke(TestInvoker.java:957)
	at org.testng.internal.invokers.TestInvoker.invokeTestMethods(TestInvoker.java:200)
	at org.testng.internal.invokers.TestMethodWorker.invokeTestMethods(TestMethodWorker.java:148)
	at org.testng.internal.invokers.TestMethodWorker.run(TestMethodWorker.java:128)
	at java.base/java.util.ArrayList.forEach(ArrayList.java:1511)
	at org.testng.TestRunner.privateRun(TestRunner.java:848)
	at org.testng.TestRunner.run(TestRunner.java:621)
	at org.testng.SuiteRunner.runTest(SuiteRunner.java:443)
	at org.testng.SuiteRunner.runSequentially(SuiteRunner.java:437)
	at org.testng.SuiteRunner.privateRun(SuiteRunner.java:397)
	at org.testng.SuiteRunner.run(SuiteRunner.java:336)
	at org.testng.SuiteRunnerWorker.runSuite(SuiteRunnerWorker.java:52)
	at org.testng.SuiteRunnerWorker.run(SuiteRunnerWorker.java:95)
	at org.testng.TestNG.runSuitesSequentially(TestNG.java:1280)
	at org.testng.TestNG.runSuitesLocally(TestNG.java:1200)
	at org.testng.TestNG.runSuites(TestNG.java:1114)
	at org.testng.TestNG.run(TestNG.java:1082)
	at org.testng.remote.AbstractRemoteTestNG.run(AbstractRemoteTestNG.java:115)
	at org.testng.remote.RemoteTestNG.initAndRun(RemoteTestNG.java:251)
	at org.testng.remote.RemoteTestNG.main(RemoteTestNG.java:77)
</textarea>
          
        </td>
      </tr>
      <tr class="event-row">
        <td><span class="badge log fail-bg">Fail</span></td>
        <td>6:52:47 am</td>
        <td>
          <span class='badge white-text red'>Exception during capturing screenshot: Cannot invoke "com.bookingzoneadmin.pages.BookingDetailsPage.closeOnTestFailure(org.testng.ITestResult)" because "this.bookingDetailsPage" is null</span>
        </td>
      </tr>
  </tbody>
</table>
</div>
          </div>
        </li>
        <li class="test-item"  status="fail" test-id="11"
          author=""
          tag=""
          device="">
          <div class="test-detail">
            <p class="name">TC003FullOtherPayment.testCreateBookingWithOtherPayment</p>
            <p class="text-sm">
              <span>6:52:48 am</span> / <span>00:00:01:275</span>
              <span class="badge fail-bg log float-right">Fail</span>
            </p>
          </div>
          <div class="test-contents d-none">
<div class="detail-head">
<div class="p-v-10">
<div class="info">
<h5 class="test-status text-fail">TC003FullOtherPayment.testCreateBookingWithOtherPayment</h5>
<span class='badge badge-success'>08.20.2025 6:52:48 am</span>
<span class='badge badge-danger'>08.20.2025 6:52:49 am</span>
<span class='badge badge-default'>00:00:01:275</span>
&middot; <span class='uri-anchor badge badge-default'>#test-id=11</span>
<span class='badge badge-default pointer float-right ml-1 et'><i class="fa fa-chevron-down"></i></span>
<span class='badge badge-default pointer float-right ct'><i class="fa fa-chevron-up"></i></span>
</div>
</div>
</div>    <div class="row mb-3"><div class="col-md-3">
<img data-featherlight='/D:/Automation Project/bookingzoneadmin/Screenshots/20-08-2025/testCreateBookingWithOtherPayment.jpg' src="/D:/Automation Project/bookingzoneadmin/Screenshots/20-08-2025/testCreateBookingWithOtherPayment.jpg">
    <div class="title">Screenshot of Failure</div>
    </div></div>
<div class="detail-body mt-4">
<table class="table table-sm">
  <thead><tr><th class="status-col">Status</th><th class="timestamp-col">Timestamp</th><th class="details-col">Details</th></tr></thead>
  <tbody>
      <tr class="event-row">
        <td><span class="badge log fail-bg">Fail</span></td>
        <td>6:52:49 am</td>
        <td>
          <span class='badge white-text red'>testCreateBookingWithOtherPayment test case failed due to element click intercepted: Element <div class="css-pfbhpp">...</div> is not clickable at point (155, 76). Other element would receive the click: <button class="MuiButtonBase-root MuiTab-root MuiTab-textColorPrimary Mui-selected css-1fk344z-MuiButtonBase-root-MuiTab-root" tabindex="0" type="button" role="tab" aria-selected="true">...</button>
  (Session info: chrome=139.0.7258.128)
Build info: version: '4.18.1', revision: 'b1d3319b48'
System info: os.name: 'Windows 11', os.arch: 'amd64', os.version: '10.0', java.version: '17.0.2'
Driver info: org.openqa.selenium.chrome.ChromeDriver
Command: [d8f6bdeb89b143d444b25869f0f05690, clickElement {id=f.36BF9FE39C1B84F2F00C7BF2A2D314B6.d.A21E1E62259535CDEC640D42073D7170.e.26}]
Capabilities {acceptInsecureCerts: false, browserName: chrome, browserVersion: 139.0.7258.128, chrome: {chromedriverVersion: 139.0.7258.138 (884e54ea8d4..., userDataDir: C:\Users\dipal\AppData\Loca...}, fedcm:accounts: true, goog:chromeOptions: {debuggerAddress: localhost:59643}, networkConnectionEnabled: false, pageLoadStrategy: normal, platformName: windows, proxy: Proxy(), se:cdp: ws://localhost:59643/devtoo..., se:cdpVersion: 139.0.7258.128, setWindowRect: true, strictFileInteractability: false, timeouts: {implicit: 0, pageLoad: 300000, script: 30000}, unhandledPromptBehavior: dismiss and notify, webauthn:extension:credBlob: true, webauthn:extension:largeBlob: true, webauthn:extension:minPinLength: true, webauthn:extension:prf: true, webauthn:virtualAuthenticators: true}
Element: [[ChromeDriver: chrome on windows (d8f6bdeb89b143d444b25869f0f05690)] -> xpath: //div[normalize-space()='Calendar']]
Session ID: d8f6bdeb89b143d444b25869f0f05690</span>
        </td>
      </tr>
      <tr class="event-row">
        <td><span class="badge log fail-bg">Fail</span></td>
        <td>6:52:49 am</td>
        <td>
          <textarea readonly class="code-block">java.lang.AssertionError: Test case failed due to exception: element click intercepted: Element <div class="css-pfbhpp">...</div> is not clickable at point (155, 76). Other element would receive the click: <button class="MuiButtonBase-root MuiTab-root MuiTab-textColorPrimary Mui-selected css-1fk344z-MuiButtonBase-root-MuiTab-root" tabindex="0" type="button" role="tab" aria-selected="true">...</button>
  (Session info: chrome=139.0.7258.128)
Build info: version: '4.18.1', revision: 'b1d3319b48'
System info: os.name: 'Windows 11', os.arch: 'amd64', os.version: '10.0', java.version: '17.0.2'
Driver info: org.openqa.selenium.chrome.ChromeDriver
Command: [d8f6bdeb89b143d444b25869f0f05690, clickElement {id=f.36BF9FE39C1B84F2F00C7BF2A2D314B6.d.A21E1E62259535CDEC640D42073D7170.e.26}]
Capabilities {acceptInsecureCerts: false, browserName: chrome, browserVersion: 139.0.7258.128, chrome: {chromedriverVersion: 139.0.7258.138 (884e54ea8d4..., userDataDir: C:\Users\dipal\AppData\Loca...}, fedcm:accounts: true, goog:chromeOptions: {debuggerAddress: localhost:59643}, networkConnectionEnabled: false, pageLoadStrategy: normal, platformName: windows, proxy: Proxy(), se:cdp: ws://localhost:59643/devtoo..., se:cdpVersion: 139.0.7258.128, setWindowRect: true, strictFileInteractability: false, timeouts: {implicit: 0, pageLoad: 300000, script: 30000}, unhandledPromptBehavior: dismiss and notify, webauthn:extension:credBlob: true, webauthn:extension:largeBlob: true, webauthn:extension:minPinLength: true, webauthn:extension:prf: true, webauthn:virtualAuthenticators: true}
Element: [[ChromeDriver: chrome on windows (d8f6bdeb89b143d444b25869f0f05690)] -> xpath: //div[normalize-space()='Calendar']]
Session ID: d8f6bdeb89b143d444b25869f0f05690
	at org.testng.Assert.fail(Assert.java:111)
	at com.bookingzoneadmin.FullPayment.TC003FullOtherPayment.handleException(TC003FullOtherPayment.java:109)
	at com.bookingzoneadmin.FullPayment.TC003FullOtherPayment.testCreateBookingWithOtherPayment(TC003FullOtherPayment.java:90)
	at java.base/jdk.internal.reflect.NativeMethodAccessorImpl.invoke0(Native Method)
	at java.base/jdk.internal.reflect.NativeMethodAccessorImpl.invoke(NativeMethodAccessorImpl.java:77)
	at java.base/jdk.internal.reflect.DelegatingMethodAccessorImpl.invoke(DelegatingMethodAccessorImpl.java:43)
	at java.base/java.lang.reflect.Method.invoke(Method.java:568)
	at org.testng.internal.invokers.MethodInvocationHelper.invokeMethod(MethodInvocationHelper.java:139)
	at org.testng.internal.invokers.TestInvoker.invokeMethod(TestInvoker.java:664)
	at org.testng.internal.invokers.TestInvoker.invokeTestMethod(TestInvoker.java:227)
	at org.testng.internal.invokers.MethodRunner.runInSequence(MethodRunner.java:50)
	at org.testng.internal.invokers.TestInvoker$MethodInvocationAgent.invoke(TestInvoker.java:957)
	at org.testng.internal.invokers.TestInvoker.invokeTestMethods(TestInvoker.java:200)
	at org.testng.internal.invokers.TestMethodWorker.invokeTestMethods(TestMethodWorker.java:148)
	at org.testng.internal.invokers.TestMethodWorker.run(TestMethodWorker.java:128)
	at java.base/java.util.ArrayList.forEach(ArrayList.java:1511)
	at org.testng.TestRunner.privateRun(TestRunner.java:848)
	at org.testng.TestRunner.run(TestRunner.java:621)
	at org.testng.SuiteRunner.runTest(SuiteRunner.java:443)
	at org.testng.SuiteRunner.runSequentially(SuiteRunner.java:437)
	at org.testng.SuiteRunner.privateRun(SuiteRunner.java:397)
	at org.testng.SuiteRunner.run(SuiteRunner.java:336)
	at org.testng.SuiteRunnerWorker.runSuite(SuiteRunnerWorker.java:52)
	at org.testng.SuiteRunnerWorker.run(SuiteRunnerWorker.java:95)
	at org.testng.TestNG.runSuitesSequentially(TestNG.java:1280)
	at org.testng.TestNG.runSuitesLocally(TestNG.java:1200)
	at org.testng.TestNG.runSuites(TestNG.java:1114)
	at org.testng.TestNG.run(TestNG.java:1082)
	at org.testng.remote.AbstractRemoteTestNG.run(AbstractRemoteTestNG.java:115)
	at org.testng.remote.RemoteTestNG.initAndRun(RemoteTestNG.java:251)
	at org.testng.remote.RemoteTestNG.main(RemoteTestNG.java:77)
</textarea>
          
        </td>
      </tr>
      <tr class="event-row">
        <td><span class="badge log fail-bg">Fail</span></td>
        <td>6:52:49 am</td>
        <td>
          <span class='badge white-text red'>Exception during capturing screenshot: Cannot invoke "com.bookingzoneadmin.pages.BookingDetailsPage.closeOnTestFailure(org.testng.ITestResult)" because "this.bookingDetailsPage" is null</span>
        </td>
      </tr>
  </tbody>
</table>
</div>
          </div>
        </li>
        <li class="test-item"  status="fail" test-id="12"
          author=""
          tag=""
          device="">
          <div class="test-detail">
            <p class="name">TC003EditFullOtherPayBooking.testChangeBookingStatusToDone</p>
            <p class="text-sm">
              <span>6:52:49 am</span> / <span>00:00:01:228</span>
              <span class="badge fail-bg log float-right">Fail</span>
            </p>
          </div>
          <div class="test-contents d-none">
<div class="detail-head">
<div class="p-v-10">
<div class="info">
<h5 class="test-status text-fail">TC003EditFullOtherPayBooking.testChangeBookingStatusToDone</h5>
<span class='badge badge-success'>08.20.2025 6:52:49 am</span>
<span class='badge badge-danger'>08.20.2025 6:52:50 am</span>
<span class='badge badge-default'>00:00:01:228</span>
&middot; <span class='uri-anchor badge badge-default'>#test-id=12</span>
<span class='badge badge-default pointer float-right ml-1 et'><i class="fa fa-chevron-down"></i></span>
<span class='badge badge-default pointer float-right ct'><i class="fa fa-chevron-up"></i></span>
</div>
</div>
</div>    <div class="row mb-3"><div class="col-md-3">
<img data-featherlight='/D:/Automation Project/bookingzoneadmin/Screenshots/20-08-2025/testChangeBookingStatusToDone.jpg' src="/D:/Automation Project/bookingzoneadmin/Screenshots/20-08-2025/testChangeBookingStatusToDone.jpg">
    <div class="title">Screenshot of Failure</div>
    </div></div>
<div class="detail-body mt-4">
<table class="table table-sm">
  <thead><tr><th class="status-col">Status</th><th class="timestamp-col">Timestamp</th><th class="details-col">Details</th></tr></thead>
  <tbody>
      <tr class="event-row">
        <td><span class="badge log info-bg">Info</span></td>
        <td>6:52:49 am</td>
        <td>
          <span class='badge white-text blue'>Editing booking with ID: Rew81ZqgH8</span>
        </td>
      </tr>
      <tr class="event-row">
        <td><span class="badge log fail-bg">Fail</span></td>
        <td>6:52:50 am</td>
        <td>
          <span class='badge white-text red'>testChangeBookingStatusToDone test case failed due to element click intercepted: Element <span class="MuiButton-label css-8xplcm-MuiButton-label">...</span> is not clickable at point (731, 262). Other element would receive the click: <td class="MuiTableCell-root MuiTableCell-body MuiTableCell-sizeMedium css-1gv9v7p-MuiTableCell-root">...</td>
  (Session info: chrome=139.0.7258.128)
Build info: version: '4.18.1', revision: 'b1d3319b48'
System info: os.name: 'Windows 11', os.arch: 'amd64', os.version: '10.0', java.version: '17.0.2'
Driver info: org.openqa.selenium.chrome.ChromeDriver
Command: [d8f6bdeb89b143d444b25869f0f05690, clickElement {id=f.36BF9FE39C1B84F2F00C7BF2A2D314B6.d.A21E1E62259535CDEC640D42073D7170.e.214}]
Capabilities {acceptInsecureCerts: false, browserName: chrome, browserVersion: 139.0.7258.128, chrome: {chromedriverVersion: 139.0.7258.138 (884e54ea8d4..., userDataDir: C:\Users\dipal\AppData\Loca...}, fedcm:accounts: true, goog:chromeOptions: {debuggerAddress: localhost:59643}, networkConnectionEnabled: false, pageLoadStrategy: normal, platformName: windows, proxy: Proxy(), se:cdp: ws://localhost:59643/devtoo..., se:cdpVersion: 139.0.7258.128, setWindowRect: true, strictFileInteractability: false, timeouts: {implicit: 0, pageLoad: 300000, script: 30000}, unhandledPromptBehavior: dismiss and notify, webauthn:extension:credBlob: true, webauthn:extension:largeBlob: true, webauthn:extension:minPinLength: true, webauthn:extension:prf: true, webauthn:virtualAuthenticators: true}
Element: [[ChromeDriver: chrome on windows (d8f6bdeb89b143d444b25869f0f05690)] -> xpath: //span[normalize-space()='View Reservations']]
Session ID: d8f6bdeb89b143d444b25869f0f05690</span>
        </td>
      </tr>
      <tr class="event-row">
        <td><span class="badge log fail-bg">Fail</span></td>
        <td>6:52:50 am</td>
        <td>
          <textarea readonly class="code-block">java.lang.AssertionError: Test case failed due to exception: element click intercepted: Element <span class="MuiButton-label css-8xplcm-MuiButton-label">...</span> is not clickable at point (731, 262). Other element would receive the click: <td class="MuiTableCell-root MuiTableCell-body MuiTableCell-sizeMedium css-1gv9v7p-MuiTableCell-root">...</td>
  (Session info: chrome=139.0.7258.128)
Build info: version: '4.18.1', revision: 'b1d3319b48'
System info: os.name: 'Windows 11', os.arch: 'amd64', os.version: '10.0', java.version: '17.0.2'
Driver info: org.openqa.selenium.chrome.ChromeDriver
Command: [d8f6bdeb89b143d444b25869f0f05690, clickElement {id=f.36BF9FE39C1B84F2F00C7BF2A2D314B6.d.A21E1E62259535CDEC640D42073D7170.e.214}]
Capabilities {acceptInsecureCerts: false, browserName: chrome, browserVersion: 139.0.7258.128, chrome: {chromedriverVersion: 139.0.7258.138 (884e54ea8d4..., userDataDir: C:\Users\dipal\AppData\Loca...}, fedcm:accounts: true, goog:chromeOptions: {debuggerAddress: localhost:59643}, networkConnectionEnabled: false, pageLoadStrategy: normal, platformName: windows, proxy: Proxy(), se:cdp: ws://localhost:59643/devtoo..., se:cdpVersion: 139.0.7258.128, setWindowRect: true, strictFileInteractability: false, timeouts: {implicit: 0, pageLoad: 300000, script: 30000}, unhandledPromptBehavior: dismiss and notify, webauthn:extension:credBlob: true, webauthn:extension:largeBlob: true, webauthn:extension:minPinLength: true, webauthn:extension:prf: true, webauthn:virtualAuthenticators: true}
Element: [[ChromeDriver: chrome on windows (d8f6bdeb89b143d444b25869f0f05690)] -> xpath: //span[normalize-space()='View Reservations']]
Session ID: d8f6bdeb89b143d444b25869f0f05690
	at org.testng.Assert.fail(Assert.java:111)
	at com.bookingzoneadmin.FullPayment.TC003EditFullOtherPayBooking.handleException(TC003EditFullOtherPayBooking.java:202)
	at com.bookingzoneadmin.FullPayment.TC003EditFullOtherPayBooking.testChangeBookingStatusToDone(TC003EditFullOtherPayBooking.java:95)
	at java.base/jdk.internal.reflect.NativeMethodAccessorImpl.invoke0(Native Method)
	at java.base/jdk.internal.reflect.NativeMethodAccessorImpl.invoke(NativeMethodAccessorImpl.java:77)
	at java.base/jdk.internal.reflect.DelegatingMethodAccessorImpl.invoke(DelegatingMethodAccessorImpl.java:43)
	at java.base/java.lang.reflect.Method.invoke(Method.java:568)
	at org.testng.internal.invokers.MethodInvocationHelper.invokeMethod(MethodInvocationHelper.java:139)
	at org.testng.internal.invokers.TestInvoker.invokeMethod(TestInvoker.java:664)
	at org.testng.internal.invokers.TestInvoker.invokeTestMethod(TestInvoker.java:227)
	at org.testng.internal.invokers.MethodRunner.runInSequence(MethodRunner.java:50)
	at org.testng.internal.invokers.TestInvoker$MethodInvocationAgent.invoke(TestInvoker.java:957)
	at org.testng.internal.invokers.TestInvoker.invokeTestMethods(TestInvoker.java:200)
	at org.testng.internal.invokers.TestMethodWorker.invokeTestMethods(TestMethodWorker.java:148)
	at org.testng.internal.invokers.TestMethodWorker.run(TestMethodWorker.java:128)
	at java.base/java.util.ArrayList.forEach(ArrayList.java:1511)
	at org.testng.TestRunner.privateRun(TestRunner.java:848)
	at org.testng.TestRunner.run(TestRunner.java:621)
	at org.testng.SuiteRunner.runTest(SuiteRunner.java:443)
	at org.testng.SuiteRunner.runSequentially(SuiteRunner.java:437)
	at org.testng.SuiteRunner.privateRun(SuiteRunner.java:397)
	at org.testng.SuiteRunner.run(SuiteRunner.java:336)
	at org.testng.SuiteRunnerWorker.runSuite(SuiteRunnerWorker.java:52)
	at org.testng.SuiteRunnerWorker.run(SuiteRunnerWorker.java:95)
	at org.testng.TestNG.runSuitesSequentially(TestNG.java:1280)
	at org.testng.TestNG.runSuitesLocally(TestNG.java:1200)
	at org.testng.TestNG.runSuites(TestNG.java:1114)
	at org.testng.TestNG.run(TestNG.java:1082)
	at org.testng.remote.AbstractRemoteTestNG.run(AbstractRemoteTestNG.java:115)
	at org.testng.remote.RemoteTestNG.initAndRun(RemoteTestNG.java:251)
	at org.testng.remote.RemoteTestNG.main(RemoteTestNG.java:77)
</textarea>
          
        </td>
      </tr>
      <tr class="event-row">
        <td><span class="badge log fail-bg">Fail</span></td>
        <td>6:52:50 am</td>
        <td>
          <span class='badge white-text red'>Exception during capturing screenshot: Cannot invoke "com.bookingzoneadmin.pages.BookingDetailsPage.closeOnTestFailure(org.testng.ITestResult)" because "this.bookingDetailsPage" is null</span>
        </td>
      </tr>
  </tbody>
</table>
</div>
          </div>
        </li>
        <li class="test-item"  status="fail" test-id="13"
          author=""
          tag=""
          device="">
          <div class="test-detail">
            <p class="name">TC003EditFullOtherPayBooking.testChangeReservationSlot</p>
            <p class="text-sm">
              <span>6:52:50 am</span> / <span>00:00:01:184</span>
              <span class="badge fail-bg log float-right">Fail</span>
            </p>
          </div>
          <div class="test-contents d-none">
<div class="detail-head">
<div class="p-v-10">
<div class="info">
<h5 class="test-status text-fail">TC003EditFullOtherPayBooking.testChangeReservationSlot</h5>
<span class='badge badge-success'>08.20.2025 6:52:50 am</span>
<span class='badge badge-danger'>08.20.2025 6:52:51 am</span>
<span class='badge badge-default'>00:00:01:184</span>
&middot; <span class='uri-anchor badge badge-default'>#test-id=13</span>
<span class='badge badge-default pointer float-right ml-1 et'><i class="fa fa-chevron-down"></i></span>
<span class='badge badge-default pointer float-right ct'><i class="fa fa-chevron-up"></i></span>
</div>
</div>
</div>    <div class="row mb-3"><div class="col-md-3">
<img data-featherlight='/D:/Automation Project/bookingzoneadmin/Screenshots/20-08-2025/testChangeReservationSlot.jpg' src="/D:/Automation Project/bookingzoneadmin/Screenshots/20-08-2025/testChangeReservationSlot.jpg">
    <div class="title">Screenshot of Failure</div>
    </div></div>
<div class="detail-body mt-4">
<table class="table table-sm">
  <thead><tr><th class="status-col">Status</th><th class="timestamp-col">Timestamp</th><th class="details-col">Details</th></tr></thead>
  <tbody>
      <tr class="event-row">
        <td><span class="badge log info-bg">Info</span></td>
        <td>6:52:50 am</td>
        <td>
          <span class='badge white-text blue'>Editing booking with ID: Rew81ZqgH8</span>
        </td>
      </tr>
      <tr class="event-row">
        <td><span class="badge log fail-bg">Fail</span></td>
        <td>6:52:51 am</td>
        <td>
          <span class='badge white-text red'>testChangeReservationSlot test case failed due to element click intercepted: Element <span class="MuiButton-label css-8xplcm-MuiButton-label">...</span> is not clickable at point (731, 262). Other element would receive the click: <td class="MuiTableCell-root MuiTableCell-body MuiTableCell-sizeMedium css-1gv9v7p-MuiTableCell-root">...</td>
  (Session info: chrome=139.0.7258.128)
Build info: version: '4.18.1', revision: 'b1d3319b48'
System info: os.name: 'Windows 11', os.arch: 'amd64', os.version: '10.0', java.version: '17.0.2'
Driver info: org.openqa.selenium.chrome.ChromeDriver
Command: [d8f6bdeb89b143d444b25869f0f05690, clickElement {id=f.36BF9FE39C1B84F2F00C7BF2A2D314B6.d.A21E1E62259535CDEC640D42073D7170.e.214}]
Capabilities {acceptInsecureCerts: false, browserName: chrome, browserVersion: 139.0.7258.128, chrome: {chromedriverVersion: 139.0.7258.138 (884e54ea8d4..., userDataDir: C:\Users\dipal\AppData\Loca...}, fedcm:accounts: true, goog:chromeOptions: {debuggerAddress: localhost:59643}, networkConnectionEnabled: false, pageLoadStrategy: normal, platformName: windows, proxy: Proxy(), se:cdp: ws://localhost:59643/devtoo..., se:cdpVersion: 139.0.7258.128, setWindowRect: true, strictFileInteractability: false, timeouts: {implicit: 0, pageLoad: 300000, script: 30000}, unhandledPromptBehavior: dismiss and notify, webauthn:extension:credBlob: true, webauthn:extension:largeBlob: true, webauthn:extension:minPinLength: true, webauthn:extension:prf: true, webauthn:virtualAuthenticators: true}
Element: [[ChromeDriver: chrome on windows (d8f6bdeb89b143d444b25869f0f05690)] -> xpath: //span[normalize-space()='View Reservations']]
Session ID: d8f6bdeb89b143d444b25869f0f05690</span>
        </td>
      </tr>
      <tr class="event-row">
        <td><span class="badge log fail-bg">Fail</span></td>
        <td>6:52:51 am</td>
        <td>
          <textarea readonly class="code-block">java.lang.AssertionError: Test case failed due to exception: element click intercepted: Element <span class="MuiButton-label css-8xplcm-MuiButton-label">...</span> is not clickable at point (731, 262). Other element would receive the click: <td class="MuiTableCell-root MuiTableCell-body MuiTableCell-sizeMedium css-1gv9v7p-MuiTableCell-root">...</td>
  (Session info: chrome=139.0.7258.128)
Build info: version: '4.18.1', revision: 'b1d3319b48'
System info: os.name: 'Windows 11', os.arch: 'amd64', os.version: '10.0', java.version: '17.0.2'
Driver info: org.openqa.selenium.chrome.ChromeDriver
Command: [d8f6bdeb89b143d444b25869f0f05690, clickElement {id=f.36BF9FE39C1B84F2F00C7BF2A2D314B6.d.A21E1E62259535CDEC640D42073D7170.e.214}]
Capabilities {acceptInsecureCerts: false, browserName: chrome, browserVersion: 139.0.7258.128, chrome: {chromedriverVersion: 139.0.7258.138 (884e54ea8d4..., userDataDir: C:\Users\dipal\AppData\Loca...}, fedcm:accounts: true, goog:chromeOptions: {debuggerAddress: localhost:59643}, networkConnectionEnabled: false, pageLoadStrategy: normal, platformName: windows, proxy: Proxy(), se:cdp: ws://localhost:59643/devtoo..., se:cdpVersion: 139.0.7258.128, setWindowRect: true, strictFileInteractability: false, timeouts: {implicit: 0, pageLoad: 300000, script: 30000}, unhandledPromptBehavior: dismiss and notify, webauthn:extension:credBlob: true, webauthn:extension:largeBlob: true, webauthn:extension:minPinLength: true, webauthn:extension:prf: true, webauthn:virtualAuthenticators: true}
Element: [[ChromeDriver: chrome on windows (d8f6bdeb89b143d444b25869f0f05690)] -> xpath: //span[normalize-space()='View Reservations']]
Session ID: d8f6bdeb89b143d444b25869f0f05690
	at org.testng.Assert.fail(Assert.java:111)
	at com.bookingzoneadmin.FullPayment.TC003EditFullOtherPayBooking.handleException(TC003EditFullOtherPayBooking.java:202)
	at com.bookingzoneadmin.FullPayment.TC003EditFullOtherPayBooking.testChangeReservationSlot(TC003EditFullOtherPayBooking.java:108)
	at java.base/jdk.internal.reflect.NativeMethodAccessorImpl.invoke0(Native Method)
	at java.base/jdk.internal.reflect.NativeMethodAccessorImpl.invoke(NativeMethodAccessorImpl.java:77)
	at java.base/jdk.internal.reflect.DelegatingMethodAccessorImpl.invoke(DelegatingMethodAccessorImpl.java:43)
	at java.base/java.lang.reflect.Method.invoke(Method.java:568)
	at org.testng.internal.invokers.MethodInvocationHelper.invokeMethod(MethodInvocationHelper.java:139)
	at org.testng.internal.invokers.TestInvoker.invokeMethod(TestInvoker.java:664)
	at org.testng.internal.invokers.TestInvoker.invokeTestMethod(TestInvoker.java:227)
	at org.testng.internal.invokers.MethodRunner.runInSequence(MethodRunner.java:50)
	at org.testng.internal.invokers.TestInvoker$MethodInvocationAgent.invoke(TestInvoker.java:957)
	at org.testng.internal.invokers.TestInvoker.invokeTestMethods(TestInvoker.java:200)
	at org.testng.internal.invokers.TestMethodWorker.invokeTestMethods(TestMethodWorker.java:148)
	at org.testng.internal.invokers.TestMethodWorker.run(TestMethodWorker.java:128)
	at java.base/java.util.ArrayList.forEach(ArrayList.java:1511)
	at org.testng.TestRunner.privateRun(TestRunner.java:848)
	at org.testng.TestRunner.run(TestRunner.java:621)
	at org.testng.SuiteRunner.runTest(SuiteRunner.java:443)
	at org.testng.SuiteRunner.runSequentially(SuiteRunner.java:437)
	at org.testng.SuiteRunner.privateRun(SuiteRunner.java:397)
	at org.testng.SuiteRunner.run(SuiteRunner.java:336)
	at org.testng.SuiteRunnerWorker.runSuite(SuiteRunnerWorker.java:52)
	at org.testng.SuiteRunnerWorker.run(SuiteRunnerWorker.java:95)
	at org.testng.TestNG.runSuitesSequentially(TestNG.java:1280)
	at org.testng.TestNG.runSuitesLocally(TestNG.java:1200)
	at org.testng.TestNG.runSuites(TestNG.java:1114)
	at org.testng.TestNG.run(TestNG.java:1082)
	at org.testng.remote.AbstractRemoteTestNG.run(AbstractRemoteTestNG.java:115)
	at org.testng.remote.RemoteTestNG.initAndRun(RemoteTestNG.java:251)
	at org.testng.remote.RemoteTestNG.main(RemoteTestNG.java:77)
</textarea>
          
        </td>
      </tr>
      <tr class="event-row">
        <td><span class="badge log fail-bg">Fail</span></td>
        <td>6:52:51 am</td>
        <td>
          <span class='badge white-text red'>Exception during capturing screenshot: Cannot invoke "com.bookingzoneadmin.pages.BookingDetailsPage.closeOnTestFailure(org.testng.ITestResult)" because "this.bookingDetailsPage" is null</span>
        </td>
      </tr>
  </tbody>
</table>
</div>
          </div>
        </li>
        <li class="test-item"  status="fail" test-id="14"
          author=""
          tag=""
          device="">
          <div class="test-detail">
            <p class="name">TC003EditFullOtherPayBooking.testVerifyPaymentMethod_PaidAmountInTrasactionHistory</p>
            <p class="text-sm">
              <span>6:52:51 am</span> / <span>00:00:01:265</span>
              <span class="badge fail-bg log float-right">Fail</span>
            </p>
          </div>
          <div class="test-contents d-none">
<div class="detail-head">
<div class="p-v-10">
<div class="info">
<h5 class="test-status text-fail">TC003EditFullOtherPayBooking.testVerifyPaymentMethod_PaidAmountInTrasactionHistory</h5>
<span class='badge badge-success'>08.20.2025 6:52:51 am</span>
<span class='badge badge-danger'>08.20.2025 6:52:53 am</span>
<span class='badge badge-default'>00:00:01:265</span>
&middot; <span class='uri-anchor badge badge-default'>#test-id=14</span>
<span class='badge badge-default pointer float-right ml-1 et'><i class="fa fa-chevron-down"></i></span>
<span class='badge badge-default pointer float-right ct'><i class="fa fa-chevron-up"></i></span>
</div>
</div>
</div>    <div class="row mb-3"><div class="col-md-3">
<img data-featherlight='/D:/Automation Project/bookingzoneadmin/Screenshots/20-08-2025/testVerifyPaymentMethod_PaidAmountInTrasactionHistory.jpg' src="/D:/Automation Project/bookingzoneadmin/Screenshots/20-08-2025/testVerifyPaymentMethod_PaidAmountInTrasactionHistory.jpg">
    <div class="title">Screenshot of Failure</div>
    </div></div>
<div class="detail-body mt-4">
<table class="table table-sm">
  <thead><tr><th class="status-col">Status</th><th class="timestamp-col">Timestamp</th><th class="details-col">Details</th></tr></thead>
  <tbody>
      <tr class="event-row">
        <td><span class="badge log info-bg">Info</span></td>
        <td>6:52:51 am</td>
        <td>
          <span class='badge white-text blue'>Editing booking with ID: Rew81ZqgH8</span>
        </td>
      </tr>
      <tr class="event-row">
        <td><span class="badge log fail-bg">Fail</span></td>
        <td>6:52:52 am</td>
        <td>
          <span class='badge white-text red'>testVerifyPaymentMethod_PaidAmountInTrasactionHistory test case failed due to element click intercepted: Element <span class="MuiButton-label css-8xplcm-MuiButton-label">...</span> is not clickable at point (731, 262). Other element would receive the click: <td class="MuiTableCell-root MuiTableCell-body MuiTableCell-sizeMedium css-1gv9v7p-MuiTableCell-root">...</td>
  (Session info: chrome=139.0.7258.128)
Build info: version: '4.18.1', revision: 'b1d3319b48'
System info: os.name: 'Windows 11', os.arch: 'amd64', os.version: '10.0', java.version: '17.0.2'
Driver info: org.openqa.selenium.chrome.ChromeDriver
Command: [d8f6bdeb89b143d444b25869f0f05690, clickElement {id=f.36BF9FE39C1B84F2F00C7BF2A2D314B6.d.A21E1E62259535CDEC640D42073D7170.e.214}]
Capabilities {acceptInsecureCerts: false, browserName: chrome, browserVersion: 139.0.7258.128, chrome: {chromedriverVersion: 139.0.7258.138 (884e54ea8d4..., userDataDir: C:\Users\dipal\AppData\Loca...}, fedcm:accounts: true, goog:chromeOptions: {debuggerAddress: localhost:59643}, networkConnectionEnabled: false, pageLoadStrategy: normal, platformName: windows, proxy: Proxy(), se:cdp: ws://localhost:59643/devtoo..., se:cdpVersion: 139.0.7258.128, setWindowRect: true, strictFileInteractability: false, timeouts: {implicit: 0, pageLoad: 300000, script: 30000}, unhandledPromptBehavior: dismiss and notify, webauthn:extension:credBlob: true, webauthn:extension:largeBlob: true, webauthn:extension:minPinLength: true, webauthn:extension:prf: true, webauthn:virtualAuthenticators: true}
Element: [[ChromeDriver: chrome on windows (d8f6bdeb89b143d444b25869f0f05690)] -> xpath: //span[normalize-space()='View Reservations']]
Session ID: d8f6bdeb89b143d444b25869f0f05690</span>
        </td>
      </tr>
      <tr class="event-row">
        <td><span class="badge log fail-bg">Fail</span></td>
        <td>6:52:53 am</td>
        <td>
          <textarea readonly class="code-block">java.lang.AssertionError: Test case failed due to exception: element click intercepted: Element <span class="MuiButton-label css-8xplcm-MuiButton-label">...</span> is not clickable at point (731, 262). Other element would receive the click: <td class="MuiTableCell-root MuiTableCell-body MuiTableCell-sizeMedium css-1gv9v7p-MuiTableCell-root">...</td>
  (Session info: chrome=139.0.7258.128)
Build info: version: '4.18.1', revision: 'b1d3319b48'
System info: os.name: 'Windows 11', os.arch: 'amd64', os.version: '10.0', java.version: '17.0.2'
Driver info: org.openqa.selenium.chrome.ChromeDriver
Command: [d8f6bdeb89b143d444b25869f0f05690, clickElement {id=f.36BF9FE39C1B84F2F00C7BF2A2D314B6.d.A21E1E62259535CDEC640D42073D7170.e.214}]
Capabilities {acceptInsecureCerts: false, browserName: chrome, browserVersion: 139.0.7258.128, chrome: {chromedriverVersion: 139.0.7258.138 (884e54ea8d4..., userDataDir: C:\Users\dipal\AppData\Loca...}, fedcm:accounts: true, goog:chromeOptions: {debuggerAddress: localhost:59643}, networkConnectionEnabled: false, pageLoadStrategy: normal, platformName: windows, proxy: Proxy(), se:cdp: ws://localhost:59643/devtoo..., se:cdpVersion: 139.0.7258.128, setWindowRect: true, strictFileInteractability: false, timeouts: {implicit: 0, pageLoad: 300000, script: 30000}, unhandledPromptBehavior: dismiss and notify, webauthn:extension:credBlob: true, webauthn:extension:largeBlob: true, webauthn:extension:minPinLength: true, webauthn:extension:prf: true, webauthn:virtualAuthenticators: true}
Element: [[ChromeDriver: chrome on windows (d8f6bdeb89b143d444b25869f0f05690)] -> xpath: //span[normalize-space()='View Reservations']]
Session ID: d8f6bdeb89b143d444b25869f0f05690
	at org.testng.Assert.fail(Assert.java:111)
	at com.bookingzoneadmin.FullPayment.TC003EditFullOtherPayBooking.handleException(TC003EditFullOtherPayBooking.java:202)
	at com.bookingzoneadmin.FullPayment.TC003EditFullOtherPayBooking.testVerifyPaymentMethod_PaidAmountInTrasactionHistory(TC003EditFullOtherPayBooking.java:122)
	at java.base/jdk.internal.reflect.NativeMethodAccessorImpl.invoke0(Native Method)
	at java.base/jdk.internal.reflect.NativeMethodAccessorImpl.invoke(NativeMethodAccessorImpl.java:77)
	at java.base/jdk.internal.reflect.DelegatingMethodAccessorImpl.invoke(DelegatingMethodAccessorImpl.java:43)
	at java.base/java.lang.reflect.Method.invoke(Method.java:568)
	at org.testng.internal.invokers.MethodInvocationHelper.invokeMethod(MethodInvocationHelper.java:139)
	at org.testng.internal.invokers.TestInvoker.invokeMethod(TestInvoker.java:664)
	at org.testng.internal.invokers.TestInvoker.invokeTestMethod(TestInvoker.java:227)
	at org.testng.internal.invokers.MethodRunner.runInSequence(MethodRunner.java:50)
	at org.testng.internal.invokers.TestInvoker$MethodInvocationAgent.invoke(TestInvoker.java:957)
	at org.testng.internal.invokers.TestInvoker.invokeTestMethods(TestInvoker.java:200)
	at org.testng.internal.invokers.TestMethodWorker.invokeTestMethods(TestMethodWorker.java:148)
	at org.testng.internal.invokers.TestMethodWorker.run(TestMethodWorker.java:128)
	at java.base/java.util.ArrayList.forEach(ArrayList.java:1511)
	at org.testng.TestRunner.privateRun(TestRunner.java:848)
	at org.testng.TestRunner.run(TestRunner.java:621)
	at org.testng.SuiteRunner.runTest(SuiteRunner.java:443)
	at org.testng.SuiteRunner.runSequentially(SuiteRunner.java:437)
	at org.testng.SuiteRunner.privateRun(SuiteRunner.java:397)
	at org.testng.SuiteRunner.run(SuiteRunner.java:336)
	at org.testng.SuiteRunnerWorker.runSuite(SuiteRunnerWorker.java:52)
	at org.testng.SuiteRunnerWorker.run(SuiteRunnerWorker.java:95)
	at org.testng.TestNG.runSuitesSequentially(TestNG.java:1280)
	at org.testng.TestNG.runSuitesLocally(TestNG.java:1200)
	at org.testng.TestNG.runSuites(TestNG.java:1114)
	at org.testng.TestNG.run(TestNG.java:1082)
	at org.testng.remote.AbstractRemoteTestNG.run(AbstractRemoteTestNG.java:115)
	at org.testng.remote.RemoteTestNG.initAndRun(RemoteTestNG.java:251)
	at org.testng.remote.RemoteTestNG.main(RemoteTestNG.java:77)
</textarea>
          
        </td>
      </tr>
      <tr class="event-row">
        <td><span class="badge log fail-bg">Fail</span></td>
        <td>6:52:53 am</td>
        <td>
          <span class='badge white-text red'>Exception during capturing screenshot: Cannot invoke "com.bookingzoneadmin.pages.BookingDetailsPage.closeOnTestFailure(org.testng.ITestResult)" because "this.bookingDetailsPage" is null</span>
        </td>
      </tr>
  </tbody>
</table>
</div>
          </div>
        </li>
        <li class="test-item"  status="fail" test-id="15"
          author=""
          tag=""
          device="">
          <div class="test-detail">
            <p class="name">TC004FullEmailPayment.testCreateBookingWithEmailPayment</p>
            <p class="text-sm">
              <span>6:52:53 am</span> / <span>00:00:01:274</span>
              <span class="badge fail-bg log float-right">Fail</span>
            </p>
          </div>
          <div class="test-contents d-none">
<div class="detail-head">
<div class="p-v-10">
<div class="info">
<h5 class="test-status text-fail">TC004FullEmailPayment.testCreateBookingWithEmailPayment</h5>
<span class='badge badge-success'>08.20.2025 6:52:53 am</span>
<span class='badge badge-danger'>08.20.2025 6:52:54 am</span>
<span class='badge badge-default'>00:00:01:274</span>
&middot; <span class='uri-anchor badge badge-default'>#test-id=15</span>
<span class='badge badge-default pointer float-right ml-1 et'><i class="fa fa-chevron-down"></i></span>
<span class='badge badge-default pointer float-right ct'><i class="fa fa-chevron-up"></i></span>
</div>
</div>
</div>    <div class="row mb-3"><div class="col-md-3">
<img data-featherlight='/D:/Automation Project/bookingzoneadmin/Screenshots/20-08-2025/testCreateBookingWithEmailPayment.jpg' src="/D:/Automation Project/bookingzoneadmin/Screenshots/20-08-2025/testCreateBookingWithEmailPayment.jpg">
    <div class="title">Screenshot of Failure</div>
    </div></div>
<div class="detail-body mt-4">
<table class="table table-sm">
  <thead><tr><th class="status-col">Status</th><th class="timestamp-col">Timestamp</th><th class="details-col">Details</th></tr></thead>
  <tbody>
      <tr class="event-row">
        <td><span class="badge log fail-bg">Fail</span></td>
        <td>6:52:54 am</td>
        <td>
          <span class='badge white-text red'>testCreateBookingWithEmailPayment test case failed due to element click intercepted: Element <div class="css-pfbhpp">...</div> is not clickable at point (155, 76). Other element would receive the click: <button class="MuiButtonBase-root MuiTab-root MuiTab-textColorPrimary Mui-selected css-1fk344z-MuiButtonBase-root-MuiTab-root" tabindex="0" type="button" role="tab" aria-selected="true">...</button>
  (Session info: chrome=139.0.7258.128)
Build info: version: '4.18.1', revision: 'b1d3319b48'
System info: os.name: 'Windows 11', os.arch: 'amd64', os.version: '10.0', java.version: '17.0.2'
Driver info: org.openqa.selenium.chrome.ChromeDriver
Command: [d8f6bdeb89b143d444b25869f0f05690, clickElement {id=f.36BF9FE39C1B84F2F00C7BF2A2D314B6.d.A21E1E62259535CDEC640D42073D7170.e.26}]
Capabilities {acceptInsecureCerts: false, browserName: chrome, browserVersion: 139.0.7258.128, chrome: {chromedriverVersion: 139.0.7258.138 (884e54ea8d4..., userDataDir: C:\Users\dipal\AppData\Loca...}, fedcm:accounts: true, goog:chromeOptions: {debuggerAddress: localhost:59643}, networkConnectionEnabled: false, pageLoadStrategy: normal, platformName: windows, proxy: Proxy(), se:cdp: ws://localhost:59643/devtoo..., se:cdpVersion: 139.0.7258.128, setWindowRect: true, strictFileInteractability: false, timeouts: {implicit: 0, pageLoad: 300000, script: 30000}, unhandledPromptBehavior: dismiss and notify, webauthn:extension:credBlob: true, webauthn:extension:largeBlob: true, webauthn:extension:minPinLength: true, webauthn:extension:prf: true, webauthn:virtualAuthenticators: true}
Element: [[ChromeDriver: chrome on windows (d8f6bdeb89b143d444b25869f0f05690)] -> xpath: //div[normalize-space()='Calendar']]
Session ID: d8f6bdeb89b143d444b25869f0f05690</span>
        </td>
      </tr>
      <tr class="event-row">
        <td><span class="badge log fail-bg">Fail</span></td>
        <td>6:52:54 am</td>
        <td>
          <textarea readonly class="code-block">java.lang.AssertionError: Test case failed due to exception: element click intercepted: Element <div class="css-pfbhpp">...</div> is not clickable at point (155, 76). Other element would receive the click: <button class="MuiButtonBase-root MuiTab-root MuiTab-textColorPrimary Mui-selected css-1fk344z-MuiButtonBase-root-MuiTab-root" tabindex="0" type="button" role="tab" aria-selected="true">...</button>
  (Session info: chrome=139.0.7258.128)
Build info: version: '4.18.1', revision: 'b1d3319b48'
System info: os.name: 'Windows 11', os.arch: 'amd64', os.version: '10.0', java.version: '17.0.2'
Driver info: org.openqa.selenium.chrome.ChromeDriver
Command: [d8f6bdeb89b143d444b25869f0f05690, clickElement {id=f.36BF9FE39C1B84F2F00C7BF2A2D314B6.d.A21E1E62259535CDEC640D42073D7170.e.26}]
Capabilities {acceptInsecureCerts: false, browserName: chrome, browserVersion: 139.0.7258.128, chrome: {chromedriverVersion: 139.0.7258.138 (884e54ea8d4..., userDataDir: C:\Users\dipal\AppData\Loca...}, fedcm:accounts: true, goog:chromeOptions: {debuggerAddress: localhost:59643}, networkConnectionEnabled: false, pageLoadStrategy: normal, platformName: windows, proxy: Proxy(), se:cdp: ws://localhost:59643/devtoo..., se:cdpVersion: 139.0.7258.128, setWindowRect: true, strictFileInteractability: false, timeouts: {implicit: 0, pageLoad: 300000, script: 30000}, unhandledPromptBehavior: dismiss and notify, webauthn:extension:credBlob: true, webauthn:extension:largeBlob: true, webauthn:extension:minPinLength: true, webauthn:extension:prf: true, webauthn:virtualAuthenticators: true}
Element: [[ChromeDriver: chrome on windows (d8f6bdeb89b143d444b25869f0f05690)] -> xpath: //div[normalize-space()='Calendar']]
Session ID: d8f6bdeb89b143d444b25869f0f05690
	at org.testng.Assert.fail(Assert.java:111)
	at com.bookingzoneadmin.FullPayment.TC004FullEmailPayment.handleException(TC004FullEmailPayment.java:149)
	at com.bookingzoneadmin.FullPayment.TC004FullEmailPayment.testCreateBookingWithEmailPayment(TC004FullEmailPayment.java:112)
	at java.base/jdk.internal.reflect.NativeMethodAccessorImpl.invoke0(Native Method)
	at java.base/jdk.internal.reflect.NativeMethodAccessorImpl.invoke(NativeMethodAccessorImpl.java:77)
	at java.base/jdk.internal.reflect.DelegatingMethodAccessorImpl.invoke(DelegatingMethodAccessorImpl.java:43)
	at java.base/java.lang.reflect.Method.invoke(Method.java:568)
	at org.testng.internal.invokers.MethodInvocationHelper.invokeMethod(MethodInvocationHelper.java:139)
	at org.testng.internal.invokers.TestInvoker.invokeMethod(TestInvoker.java:664)
	at org.testng.internal.invokers.TestInvoker.invokeTestMethod(TestInvoker.java:227)
	at org.testng.internal.invokers.MethodRunner.runInSequence(MethodRunner.java:50)
	at org.testng.internal.invokers.TestInvoker$MethodInvocationAgent.invoke(TestInvoker.java:957)
	at org.testng.internal.invokers.TestInvoker.invokeTestMethods(TestInvoker.java:200)
	at org.testng.internal.invokers.TestMethodWorker.invokeTestMethods(TestMethodWorker.java:148)
	at org.testng.internal.invokers.TestMethodWorker.run(TestMethodWorker.java:128)
	at java.base/java.util.ArrayList.forEach(ArrayList.java:1511)
	at org.testng.TestRunner.privateRun(TestRunner.java:848)
	at org.testng.TestRunner.run(TestRunner.java:621)
	at org.testng.SuiteRunner.runTest(SuiteRunner.java:443)
	at org.testng.SuiteRunner.runSequentially(SuiteRunner.java:437)
	at org.testng.SuiteRunner.privateRun(SuiteRunner.java:397)
	at org.testng.SuiteRunner.run(SuiteRunner.java:336)
	at org.testng.SuiteRunnerWorker.runSuite(SuiteRunnerWorker.java:52)
	at org.testng.SuiteRunnerWorker.run(SuiteRunnerWorker.java:95)
	at org.testng.TestNG.runSuitesSequentially(TestNG.java:1280)
	at org.testng.TestNG.runSuitesLocally(TestNG.java:1200)
	at org.testng.TestNG.runSuites(TestNG.java:1114)
	at org.testng.TestNG.run(TestNG.java:1082)
	at org.testng.remote.AbstractRemoteTestNG.run(AbstractRemoteTestNG.java:115)
	at org.testng.remote.RemoteTestNG.initAndRun(RemoteTestNG.java:251)
	at org.testng.remote.RemoteTestNG.main(RemoteTestNG.java:77)
</textarea>
          
        </td>
      </tr>
      <tr class="event-row">
        <td><span class="badge log fail-bg">Fail</span></td>
        <td>6:52:54 am</td>
        <td>
          <span class='badge white-text red'>Exception during capturing screenshot: Cannot invoke "com.bookingzoneadmin.pages.BookingDetailsPage.closeOnTestFailure(org.testng.ITestResult)" because "this.bookingDetailsPage" is null</span>
        </td>
      </tr>
  </tbody>
</table>
</div>
          </div>
        </li>
        <li class="test-item"  status="fail" test-id="16"
          author=""
          tag=""
          device="">
          <div class="test-detail">
            <p class="name">TC004_EditFullEmailPayBooking.testAddAddons</p>
            <p class="text-sm">
              <span>6:52:54 am</span> / <span>00:00:01:185</span>
              <span class="badge fail-bg log float-right">Fail</span>
            </p>
          </div>
          <div class="test-contents d-none">
<div class="detail-head">
<div class="p-v-10">
<div class="info">
<h5 class="test-status text-fail">TC004_EditFullEmailPayBooking.testAddAddons</h5>
<span class='badge badge-success'>08.20.2025 6:52:54 am</span>
<span class='badge badge-danger'>08.20.2025 6:52:55 am</span>
<span class='badge badge-default'>00:00:01:185</span>
&middot; <span class='uri-anchor badge badge-default'>#test-id=16</span>
<span class='badge badge-default pointer float-right ml-1 et'><i class="fa fa-chevron-down"></i></span>
<span class='badge badge-default pointer float-right ct'><i class="fa fa-chevron-up"></i></span>
</div>
</div>
</div>    <div class="row mb-3"><div class="col-md-3">
<img data-featherlight='/D:/Automation Project/bookingzoneadmin/Screenshots/20-08-2025/testAddAddons.jpg' src="/D:/Automation Project/bookingzoneadmin/Screenshots/20-08-2025/testAddAddons.jpg">
    <div class="title">Screenshot of Failure</div>
    </div></div>
<div class="detail-body mt-4">
<table class="table table-sm">
  <thead><tr><th class="status-col">Status</th><th class="timestamp-col">Timestamp</th><th class="details-col">Details</th></tr></thead>
  <tbody>
      <tr class="event-row">
        <td><span class="badge log info-bg">Info</span></td>
        <td>6:52:54 am</td>
        <td>
          <span class='badge white-text blue'>Editing booking with ID: Rew81ZqgH8</span>
        </td>
      </tr>
      <tr class="event-row">
        <td><span class="badge log fail-bg">Fail</span></td>
        <td>6:52:55 am</td>
        <td>
          <span class='badge white-text red'>testAddAddons test case failed due to element click intercepted: Element <span class="MuiButton-label css-8xplcm-MuiButton-label">...</span> is not clickable at point (731, 262). Other element would receive the click: <td class="MuiTableCell-root MuiTableCell-body MuiTableCell-sizeMedium css-1gv9v7p-MuiTableCell-root">...</td>
  (Session info: chrome=139.0.7258.128)
Build info: version: '4.18.1', revision: 'b1d3319b48'
System info: os.name: 'Windows 11', os.arch: 'amd64', os.version: '10.0', java.version: '17.0.2'
Driver info: org.openqa.selenium.chrome.ChromeDriver
Command: [d8f6bdeb89b143d444b25869f0f05690, clickElement {id=f.36BF9FE39C1B84F2F00C7BF2A2D314B6.d.A21E1E62259535CDEC640D42073D7170.e.214}]
Capabilities {acceptInsecureCerts: false, browserName: chrome, browserVersion: 139.0.7258.128, chrome: {chromedriverVersion: 139.0.7258.138 (884e54ea8d4..., userDataDir: C:\Users\dipal\AppData\Loca...}, fedcm:accounts: true, goog:chromeOptions: {debuggerAddress: localhost:59643}, networkConnectionEnabled: false, pageLoadStrategy: normal, platformName: windows, proxy: Proxy(), se:cdp: ws://localhost:59643/devtoo..., se:cdpVersion: 139.0.7258.128, setWindowRect: true, strictFileInteractability: false, timeouts: {implicit: 0, pageLoad: 300000, script: 30000}, unhandledPromptBehavior: dismiss and notify, webauthn:extension:credBlob: true, webauthn:extension:largeBlob: true, webauthn:extension:minPinLength: true, webauthn:extension:prf: true, webauthn:virtualAuthenticators: true}
Element: [[ChromeDriver: chrome on windows (d8f6bdeb89b143d444b25869f0f05690)] -> xpath: //span[normalize-space()='View Reservations']]
Session ID: d8f6bdeb89b143d444b25869f0f05690</span>
        </td>
      </tr>
      <tr class="event-row">
        <td><span class="badge log fail-bg">Fail</span></td>
        <td>6:52:55 am</td>
        <td>
          <textarea readonly class="code-block">java.lang.AssertionError: Test case failed due to exception: element click intercepted: Element <span class="MuiButton-label css-8xplcm-MuiButton-label">...</span> is not clickable at point (731, 262). Other element would receive the click: <td class="MuiTableCell-root MuiTableCell-body MuiTableCell-sizeMedium css-1gv9v7p-MuiTableCell-root">...</td>
  (Session info: chrome=139.0.7258.128)
Build info: version: '4.18.1', revision: 'b1d3319b48'
System info: os.name: 'Windows 11', os.arch: 'amd64', os.version: '10.0', java.version: '17.0.2'
Driver info: org.openqa.selenium.chrome.ChromeDriver
Command: [d8f6bdeb89b143d444b25869f0f05690, clickElement {id=f.36BF9FE39C1B84F2F00C7BF2A2D314B6.d.A21E1E62259535CDEC640D42073D7170.e.214}]
Capabilities {acceptInsecureCerts: false, browserName: chrome, browserVersion: 139.0.7258.128, chrome: {chromedriverVersion: 139.0.7258.138 (884e54ea8d4..., userDataDir: C:\Users\dipal\AppData\Loca...}, fedcm:accounts: true, goog:chromeOptions: {debuggerAddress: localhost:59643}, networkConnectionEnabled: false, pageLoadStrategy: normal, platformName: windows, proxy: Proxy(), se:cdp: ws://localhost:59643/devtoo..., se:cdpVersion: 139.0.7258.128, setWindowRect: true, strictFileInteractability: false, timeouts: {implicit: 0, pageLoad: 300000, script: 30000}, unhandledPromptBehavior: dismiss and notify, webauthn:extension:credBlob: true, webauthn:extension:largeBlob: true, webauthn:extension:minPinLength: true, webauthn:extension:prf: true, webauthn:virtualAuthenticators: true}
Element: [[ChromeDriver: chrome on windows (d8f6bdeb89b143d444b25869f0f05690)] -> xpath: //span[normalize-space()='View Reservations']]
Session ID: d8f6bdeb89b143d444b25869f0f05690
	at org.testng.Assert.fail(Assert.java:111)
	at com.bookingzoneadmin.FullPayment.TC004_EditFullEmailPayBooking.handleException(TC004_EditFullEmailPayBooking.java:219)
	at com.bookingzoneadmin.FullPayment.TC004_EditFullEmailPayBooking.testAddAddons(TC004_EditFullEmailPayBooking.java:96)
	at java.base/jdk.internal.reflect.NativeMethodAccessorImpl.invoke0(Native Method)
	at java.base/jdk.internal.reflect.NativeMethodAccessorImpl.invoke(NativeMethodAccessorImpl.java:77)
	at java.base/jdk.internal.reflect.DelegatingMethodAccessorImpl.invoke(DelegatingMethodAccessorImpl.java:43)
	at java.base/java.lang.reflect.Method.invoke(Method.java:568)
	at org.testng.internal.invokers.MethodInvocationHelper.invokeMethod(MethodInvocationHelper.java:139)
	at org.testng.internal.invokers.TestInvoker.invokeMethod(TestInvoker.java:664)
	at org.testng.internal.invokers.TestInvoker.invokeTestMethod(TestInvoker.java:227)
	at org.testng.internal.invokers.MethodRunner.runInSequence(MethodRunner.java:50)
	at org.testng.internal.invokers.TestInvoker$MethodInvocationAgent.invoke(TestInvoker.java:957)
	at org.testng.internal.invokers.TestInvoker.invokeTestMethods(TestInvoker.java:200)
	at org.testng.internal.invokers.TestMethodWorker.invokeTestMethods(TestMethodWorker.java:148)
	at org.testng.internal.invokers.TestMethodWorker.run(TestMethodWorker.java:128)
	at java.base/java.util.ArrayList.forEach(ArrayList.java:1511)
	at org.testng.TestRunner.privateRun(TestRunner.java:848)
	at org.testng.TestRunner.run(TestRunner.java:621)
	at org.testng.SuiteRunner.runTest(SuiteRunner.java:443)
	at org.testng.SuiteRunner.runSequentially(SuiteRunner.java:437)
	at org.testng.SuiteRunner.privateRun(SuiteRunner.java:397)
	at org.testng.SuiteRunner.run(SuiteRunner.java:336)
	at org.testng.SuiteRunnerWorker.runSuite(SuiteRunnerWorker.java:52)
	at org.testng.SuiteRunnerWorker.run(SuiteRunnerWorker.java:95)
	at org.testng.TestNG.runSuitesSequentially(TestNG.java:1280)
	at org.testng.TestNG.runSuitesLocally(TestNG.java:1200)
	at org.testng.TestNG.runSuites(TestNG.java:1114)
	at org.testng.TestNG.run(TestNG.java:1082)
	at org.testng.remote.AbstractRemoteTestNG.run(AbstractRemoteTestNG.java:115)
	at org.testng.remote.RemoteTestNG.initAndRun(RemoteTestNG.java:251)
	at org.testng.remote.RemoteTestNG.main(RemoteTestNG.java:77)
</textarea>
          
        </td>
      </tr>
      <tr class="event-row">
        <td><span class="badge log fail-bg">Fail</span></td>
        <td>6:52:55 am</td>
        <td>
          <span class='badge white-text red'>Exception during capturing screenshot: Cannot invoke "com.bookingzoneadmin.pages.BookingDetailsPage.closeOnTestFailure(org.testng.ITestResult)" because "this.bookingDetailsPage" is null</span>
        </td>
      </tr>
  </tbody>
</table>
</div>
          </div>
        </li>
        <li class="test-item"  status="fail" test-id="17"
          author=""
          tag=""
          device="">
          <div class="test-detail">
            <p class="name">TC005FullPayVia_PaymentURL.testCreateBookingWithPaymentURL</p>
            <p class="text-sm">
              <span>6:52:56 am</span> / <span>00:00:05:738</span>
              <span class="badge fail-bg log float-right">Fail</span>
            </p>
          </div>
          <div class="test-contents d-none">
<div class="detail-head">
<div class="p-v-10">
<div class="info">
<h5 class="test-status text-fail">TC005FullPayVia_PaymentURL.testCreateBookingWithPaymentURL</h5>
<span class='badge badge-success'>08.20.2025 6:52:56 am</span>
<span class='badge badge-danger'>08.20.2025 6:53:02 am</span>
<span class='badge badge-default'>00:00:05:738</span>
&middot; <span class='uri-anchor badge badge-default'>#test-id=17</span>
<span class='badge badge-default pointer float-right ml-1 et'><i class="fa fa-chevron-down"></i></span>
<span class='badge badge-default pointer float-right ct'><i class="fa fa-chevron-up"></i></span>
</div>
</div>
</div>    <div class="row mb-3"><div class="col-md-3">
<img data-featherlight='/D:/Automation Project/bookingzoneadmin/Screenshots/20-08-2025/testCreateBookingWithPaymentURL.jpg' src="/D:/Automation Project/bookingzoneadmin/Screenshots/20-08-2025/testCreateBookingWithPaymentURL.jpg">
    <div class="title">Screenshot of Failure</div>
    </div></div>
<div class="detail-body mt-4">
<table class="table table-sm">
  <thead><tr><th class="status-col">Status</th><th class="timestamp-col">Timestamp</th><th class="details-col">Details</th></tr></thead>
  <tbody>
      <tr class="event-row">
        <td><span class="badge log fail-bg">Fail</span></td>
        <td>6:52:57 am</td>
        <td>
          <span class='badge white-text red'>testCreateBookingWithPaymentURL test case failed due to element click intercepted: Element <div class="css-pfbhpp">...</div> is not clickable at point (155, 76). Other element would receive the click: <button class="MuiButtonBase-root MuiTab-root MuiTab-textColorPrimary Mui-selected css-1fk344z-MuiButtonBase-root-MuiTab-root" tabindex="0" type="button" role="tab" aria-selected="true">...</button>
  (Session info: chrome=139.0.7258.128)
Build info: version: '4.18.1', revision: 'b1d3319b48'
System info: os.name: 'Windows 11', os.arch: 'amd64', os.version: '10.0', java.version: '17.0.2'
Driver info: org.openqa.selenium.chrome.ChromeDriver
Command: [d8f6bdeb89b143d444b25869f0f05690, clickElement {id=f.36BF9FE39C1B84F2F00C7BF2A2D314B6.d.A21E1E62259535CDEC640D42073D7170.e.26}]
Capabilities {acceptInsecureCerts: false, browserName: chrome, browserVersion: 139.0.7258.128, chrome: {chromedriverVersion: 139.0.7258.138 (884e54ea8d4..., userDataDir: C:\Users\dipal\AppData\Loca...}, fedcm:accounts: true, goog:chromeOptions: {debuggerAddress: localhost:59643}, networkConnectionEnabled: false, pageLoadStrategy: normal, platformName: windows, proxy: Proxy(), se:cdp: ws://localhost:59643/devtoo..., se:cdpVersion: 139.0.7258.128, setWindowRect: true, strictFileInteractability: false, timeouts: {implicit: 0, pageLoad: 300000, script: 30000}, unhandledPromptBehavior: dismiss and notify, webauthn:extension:credBlob: true, webauthn:extension:largeBlob: true, webauthn:extension:minPinLength: true, webauthn:extension:prf: true, webauthn:virtualAuthenticators: true}
Element: [[ChromeDriver: chrome on windows (d8f6bdeb89b143d444b25869f0f05690)] -> xpath: //div[normalize-space()='Calendar']]
Session ID: d8f6bdeb89b143d444b25869f0f05690</span>
        </td>
      </tr>
      <tr class="event-row">
        <td><span class="badge log fail-bg">Fail</span></td>
        <td>6:52:57 am</td>
        <td>
          <textarea readonly class="code-block">java.lang.AssertionError: Test case failed due to exception: element click intercepted: Element <div class="css-pfbhpp">...</div> is not clickable at point (155, 76). Other element would receive the click: <button class="MuiButtonBase-root MuiTab-root MuiTab-textColorPrimary Mui-selected css-1fk344z-MuiButtonBase-root-MuiTab-root" tabindex="0" type="button" role="tab" aria-selected="true">...</button>
  (Session info: chrome=139.0.7258.128)
Build info: version: '4.18.1', revision: 'b1d3319b48'
System info: os.name: 'Windows 11', os.arch: 'amd64', os.version: '10.0', java.version: '17.0.2'
Driver info: org.openqa.selenium.chrome.ChromeDriver
Command: [d8f6bdeb89b143d444b25869f0f05690, clickElement {id=f.36BF9FE39C1B84F2F00C7BF2A2D314B6.d.A21E1E62259535CDEC640D42073D7170.e.26}]
Capabilities {acceptInsecureCerts: false, browserName: chrome, browserVersion: 139.0.7258.128, chrome: {chromedriverVersion: 139.0.7258.138 (884e54ea8d4..., userDataDir: C:\Users\dipal\AppData\Loca...}, fedcm:accounts: true, goog:chromeOptions: {debuggerAddress: localhost:59643}, networkConnectionEnabled: false, pageLoadStrategy: normal, platformName: windows, proxy: Proxy(), se:cdp: ws://localhost:59643/devtoo..., se:cdpVersion: 139.0.7258.128, setWindowRect: true, strictFileInteractability: false, timeouts: {implicit: 0, pageLoad: 300000, script: 30000}, unhandledPromptBehavior: dismiss and notify, webauthn:extension:credBlob: true, webauthn:extension:largeBlob: true, webauthn:extension:minPinLength: true, webauthn:extension:prf: true, webauthn:virtualAuthenticators: true}
Element: [[ChromeDriver: chrome on windows (d8f6bdeb89b143d444b25869f0f05690)] -> xpath: //div[normalize-space()='Calendar']]
Session ID: d8f6bdeb89b143d444b25869f0f05690
	at org.testng.Assert.fail(Assert.java:111)
	at com.bookingzoneadmin.FullPayment.TC005FullPayVia_PaymentURL.handleException(TC005FullPayVia_PaymentURL.java:188)
	at com.bookingzoneadmin.FullPayment.TC005FullPayVia_PaymentURL.testCreateBookingWithPaymentURL(TC005FullPayVia_PaymentURL.java:125)
	at java.base/jdk.internal.reflect.NativeMethodAccessorImpl.invoke0(Native Method)
	at java.base/jdk.internal.reflect.NativeMethodAccessorImpl.invoke(NativeMethodAccessorImpl.java:77)
	at java.base/jdk.internal.reflect.DelegatingMethodAccessorImpl.invoke(DelegatingMethodAccessorImpl.java:43)
	at java.base/java.lang.reflect.Method.invoke(Method.java:568)
	at org.testng.internal.invokers.MethodInvocationHelper.invokeMethod(MethodInvocationHelper.java:139)
	at org.testng.internal.invokers.TestInvoker.invokeMethod(TestInvoker.java:664)
	at org.testng.internal.invokers.TestInvoker.invokeTestMethod(TestInvoker.java:227)
	at org.testng.internal.invokers.MethodRunner.runInSequence(MethodRunner.java:50)
	at org.testng.internal.invokers.TestInvoker$MethodInvocationAgent.invoke(TestInvoker.java:957)
	at org.testng.internal.invokers.TestInvoker.invokeTestMethods(TestInvoker.java:200)
	at org.testng.internal.invokers.TestMethodWorker.invokeTestMethods(TestMethodWorker.java:148)
	at org.testng.internal.invokers.TestMethodWorker.run(TestMethodWorker.java:128)
	at java.base/java.util.ArrayList.forEach(ArrayList.java:1511)
	at org.testng.TestRunner.privateRun(TestRunner.java:848)
	at org.testng.TestRunner.run(TestRunner.java:621)
	at org.testng.SuiteRunner.runTest(SuiteRunner.java:443)
	at org.testng.SuiteRunner.runSequentially(SuiteRunner.java:437)
	at org.testng.SuiteRunner.privateRun(SuiteRunner.java:397)
	at org.testng.SuiteRunner.run(SuiteRunner.java:336)
	at org.testng.SuiteRunnerWorker.runSuite(SuiteRunnerWorker.java:52)
	at org.testng.SuiteRunnerWorker.run(SuiteRunnerWorker.java:95)
	at org.testng.TestNG.runSuitesSequentially(TestNG.java:1280)
	at org.testng.TestNG.runSuitesLocally(TestNG.java:1200)
	at org.testng.TestNG.runSuites(TestNG.java:1114)
	at org.testng.TestNG.run(TestNG.java:1082)
	at org.testng.remote.AbstractRemoteTestNG.run(AbstractRemoteTestNG.java:115)
	at org.testng.remote.RemoteTestNG.initAndRun(RemoteTestNG.java:251)
	at org.testng.remote.RemoteTestNG.main(RemoteTestNG.java:77)
</textarea>
          
        </td>
      </tr>
      <tr class="event-row">
        <td><span class="badge log info-bg">Info</span></td>
        <td>6:52:57 am</td>
        <td>
          <span class='badge white-text blue'>Test failed: testCreateBookingWithPaymentURL. Checking for booking popup/stepper...</span>
        </td>
      </tr>
      <tr class="event-row">
        <td><span class="badge log info-bg">Info</span></td>
        <td>6:52:57 am</td>
        <td>
          <span class='badge white-text blue'>Booking Details Page Is Closed...!</span>
        </td>
      </tr>
      <tr class="event-row">
        <td><span class="badge log info-bg">Info</span></td>
        <td>6:52:59 am</td>
        <td>
          <span class='badge white-text blue'>Closed booking details popup after failure.</span>
        </td>
      </tr>
      <tr class="event-row">
        <td><span class="badge log info-bg">Info</span></td>
        <td>6:52:59 am</td>
        <td>
          <span class='badge white-text blue'>Running @AfterClass cleanup...</span>
        </td>
      </tr>
      <tr class="event-row">
        <td><span class="badge log info-bg">Info</span></td>
        <td>6:53:00 am</td>
        <td>
          <span class='badge white-text blue'>Booking Is Closed...!</span>
        </td>
      </tr>
      <tr class="event-row">
        <td><span class="badge log info-bg">Info</span></td>
        <td>6:53:02 am</td>
        <td>
          <span class='badge white-text blue'>Closed booking stepper in @AfterClass.</span>
        </td>
      </tr>
  </tbody>
</table>
</div>
          </div>
        </li>
        <li class="test-item"  status="pass" test-id="18"
          author=""
          tag=""
          device="">
          <div class="test-detail">
            <p class="name">TC005EditFullPayVia_PaymentURL.testChangeBookingStatusToCancel</p>
            <p class="text-sm">
              <span>6:53:02 am</span> / <span>00:00:09:519</span>
              <span class="badge pass-bg log float-right">Pass</span>
            </p>
          </div>
          <div class="test-contents d-none">
<div class="detail-head">
<div class="p-v-10">
<div class="info">
<h5 class="test-status text-pass">TC005EditFullPayVia_PaymentURL.testChangeBookingStatusToCancel</h5>
<span class='badge badge-success'>08.20.2025 6:53:02 am</span>
<span class='badge badge-danger'>08.20.2025 6:53:11 am</span>
<span class='badge badge-default'>00:00:09:519</span>
&middot; <span class='uri-anchor badge badge-default'>#test-id=18</span>
<span class='badge badge-default pointer float-right ml-1 et'><i class="fa fa-chevron-down"></i></span>
<span class='badge badge-default pointer float-right ct'><i class="fa fa-chevron-up"></i></span>
</div>
</div>
</div><div class="detail-body mt-4">
<table class="table table-sm">
  <thead><tr><th class="status-col">Status</th><th class="timestamp-col">Timestamp</th><th class="details-col">Details</th></tr></thead>
  <tbody>
      <tr class="event-row">
        <td><span class="badge log info-bg">Info</span></td>
        <td>6:53:02 am</td>
        <td>
          <span class='badge white-text blue'>Editing booking with ID: Rew81ZqgH8</span>
        </td>
      </tr>
      <tr class="event-row">
        <td><span class="badge log info-bg">Info</span></td>
        <td>6:53:02 am</td>
        <td>
          <span class='badge white-text blue'>Clicked on View Reservation Button...!</span>
        </td>
      </tr>
      <tr class="event-row">
        <td><span class="badge log info-bg">Info</span></td>
        <td>6:53:06 am</td>
        <td>
          <span class='badge white-text blue'>Booking Id Entered...!</span>
        </td>
      </tr>
      <tr class="event-row">
        <td><span class="badge log info-bg">Info</span></td>
        <td>6:53:06 am</td>
        <td>
          <span class='badge white-text blue'>Clicked On Booking Arrow...!</span>
        </td>
      </tr>
      <tr class="event-row">
        <td><span class="badge log info-bg">Info</span></td>
        <td>6:53:09 am</td>
        <td>
          <span class='badge white-text blue'>Clicked on Cancel Button...!</span>
        </td>
      </tr>
      <tr class="event-row">
        <td><span class="badge log info-bg">Info</span></td>
        <td>6:53:09 am</td>
        <td>
          <span class='badge white-text blue'>Clicked on Yes Cancel Booking Button...!</span>
        </td>
      </tr>
      <tr class="event-row">
        <td><span class="badge log pass-bg">Pass</span></td>
        <td>6:53:11 am</td>
        <td>
          <span class='badge white-text green'>Booking has been successfully cancelled.</span>
        </td>
      </tr>
      <tr class="event-row">
        <td><span class="badge log pass-bg">Pass</span></td>
        <td>6:53:11 am</td>
        <td>
          <span class='badge white-text green'>testChangeBookingStatusToCancel is passed</span>
        </td>
      </tr>
      <tr class="event-row">
        <td><span class="badge log info-bg">Info</span></td>
        <td>6:53:11 am</td>
        <td>
          <span class='badge white-text blue'>Browser closed</span>
        </td>
      </tr>
  </tbody>
</table>
</div>
          </div>
        </li>
      </ul>
    </div>
  </div>
<div class="test-content scrollable">
<div class="test-content-tools">
<ul><li><a class="back-to-test" href="#"><i class="fa fa-arrow-left"></i></a></li></ul>
</div>
<div class="test-content-detail"><div class="detail-body"></div></div>
</div></div>
<div class="test-wrapper row view exception-view attributes-view">
<div class="test-list">
<div class="test-list-tools">
<ul class="tools pull-left"><li><a href=""><span class="font-size-14">Exception</span></a></li></ul>
<ul class="tools text-right"><li><a href="#"><span class="badge badge-primary">1</span></a></li></ul>
</div>
<div class="test-list-wrapper scrollable">
<ul class="test-list-item">
<li class="test-item">
<div class="test-detail">
<span class="meta">
<span class='badge log badge-danger'>11</span>
</span>
<p class="name">java.lang.AssertionError</p>
<p class="duration text-sm">11 tests</p>
</div>
<div class="test-contents d-none">
<div class="info">
<h4>java.lang.AssertionError</h4>
<span status="fail" class='badge log badge-danger'>11 failed</span>
</div>
<table class='table table-sm mt-4'>
<thead>
<tr>
<th class="status-col">Status</th>
<th class="timestamp-col">Timestamp</th>
<th>TestName</th>
</tr>
</thead>
<tbody>
<tr class="tag-test-status" status="fail">
<td><span class="badge log fail-bg">Fail</span></td>
<td>06:52:42 am</td>
<td>
<a href="#" class="linked" test-id='7' id='7'>TC002FullCashPayment.testCreateBookingWithCashPayment</a>
</td>
</tr>
<tr class="tag-test-status" status="fail">
<td><span class="badge log fail-bg">Fail</span></td>
<td>06:52:44 am</td>
<td>
<a href="#" class="linked" test-id='8' id='8'>TC002EditFullCashPayBooking.testChangeBookingStatusToCheckIn</a>
</td>
</tr>
<tr class="tag-test-status" status="fail">
<td><span class="badge log fail-bg">Fail</span></td>
<td>06:52:45 am</td>
<td>
<a href="#" class="linked" test-id='9' id='9'>TC002EditFullCashPayBooking.testAddPackage_AdditionalGuest</a>
</td>
</tr>
<tr class="tag-test-status" status="fail">
<td><span class="badge log fail-bg">Fail</span></td>
<td>06:52:46 am</td>
<td>
<a href="#" class="linked" test-id='10' id='10'>TC002EditFullCashPayBooking.testVerifyPaymentMethod_PaidAmountInTrasactionHistory</a>
</td>
</tr>
<tr class="tag-test-status" status="fail">
<td><span class="badge log fail-bg">Fail</span></td>
<td>06:52:48 am</td>
<td>
<a href="#" class="linked" test-id='11' id='11'>TC003FullOtherPayment.testCreateBookingWithOtherPayment</a>
</td>
</tr>
<tr class="tag-test-status" status="fail">
<td><span class="badge log fail-bg">Fail</span></td>
<td>06:52:49 am</td>
<td>
<a href="#" class="linked" test-id='12' id='12'>TC003EditFullOtherPayBooking.testChangeBookingStatusToDone</a>
</td>
</tr>
<tr class="tag-test-status" status="fail">
<td><span class="badge log fail-bg">Fail</span></td>
<td>06:52:50 am</td>
<td>
<a href="#" class="linked" test-id='13' id='13'>TC003EditFullOtherPayBooking.testChangeReservationSlot</a>
</td>
</tr>
<tr class="tag-test-status" status="fail">
<td><span class="badge log fail-bg">Fail</span></td>
<td>06:52:51 am</td>
<td>
<a href="#" class="linked" test-id='14' id='14'>TC003EditFullOtherPayBooking.testVerifyPaymentMethod_PaidAmountInTrasactionHistory</a>
</td>
</tr>
<tr class="tag-test-status" status="fail">
<td><span class="badge log fail-bg">Fail</span></td>
<td>06:52:53 am</td>
<td>
<a href="#" class="linked" test-id='15' id='15'>TC004FullEmailPayment.testCreateBookingWithEmailPayment</a>
</td>
</tr>
<tr class="tag-test-status" status="fail">
<td><span class="badge log fail-bg">Fail</span></td>
<td>06:52:54 am</td>
<td>
<a href="#" class="linked" test-id='16' id='16'>TC004_EditFullEmailPayBooking.testAddAddons</a>
</td>
</tr>
<tr class="tag-test-status" status="fail">
<td><span class="badge log fail-bg">Fail</span></td>
<td>06:52:56 am</td>
<td>
<a href="#" class="linked" test-id='17' id='17'>TC005FullPayVia_PaymentURL.testCreateBookingWithPaymentURL</a>
</td>
</tr>
</tbody>
</table>
</div>
</li>
</ul>
</div>
</div>
<div class="test-content scrollable">
<div class="test-content-detail">
<div class="detail-body"></div>
</div>
</div>
</div><div class="test-wrapper row view device-view attributes-view">
<div class="test-list">
<div class="test-list-tools">
<ul class="tools pull-left"><li><a href=""><span class="font-size-14">Device</span></a></li></ul>
<ul class="tools text-right"><li><a href="#"><span class="badge badge-primary">1</span></a></li></ul>
</div>
<div class="test-list-wrapper scrollable">
<ul class="test-list-item">
<li class="test-item">
<div class="test-detail">
<span class="meta">
<span class='badge log pass-bg'>1</span>
</span>
<p class="name">chrome139</p>
<p class="duration text-sm">1 tests</p>
</div>
<div class="test-contents d-none">
<div class="info">
<h4>chrome139</h4>
<span status="pass" class='badge log pass-bg'>1 passed</span>
</div>
<table class='table table-sm mt-4'>
<thead>
<tr>
<th class="status-col">Status</th>
<th class="timestamp-col">Timestamp</th>
<th>TestName</th>
</tr>
</thead>
<tbody>
<tr class="tag-test-status" status="pass">
<td><span class="badge log pass-bg">Pass</span></td>
<td>06:49:23 am</td>
<td>
<a href="#" class="linked" test-id='1' id='1'>Full Payment With URL</a>
</td>
</tr>
</tbody>
</table>
</div>
</li>
</ul>
</div>
</div>
<div class="test-content scrollable">
<div class="test-content-detail">
<div class="detail-body"></div>
</div>
</div>
</div><div class="test-wrapper row view author-view attributes-view">
<div class="test-list">
<div class="test-list-tools">
<ul class="tools pull-left"><li><a href=""><span class="font-size-14">Author</span></a></li></ul>
<ul class="tools text-right"><li><a href="#"><span class="badge badge-primary">1</span></a></li></ul>
</div>
<div class="test-list-wrapper scrollable">
<ul class="test-list-item">
<li class="test-item">
<div class="test-detail">
<span class="meta">
<span class='badge log pass-bg'>1</span>
</span>
<p class="name">Dipali</p>
<p class="duration text-sm">1 tests</p>
</div>
<div class="test-contents d-none">
<div class="info">
<h4>Dipali</h4>
<span status="pass" class='badge log pass-bg'>1 passed</span>
</div>
<table class='table table-sm mt-4'>
<thead>
<tr>
<th class="status-col">Status</th>
<th class="timestamp-col">Timestamp</th>
<th>TestName</th>
</tr>
</thead>
<tbody>
<tr class="tag-test-status" status="pass">
<td><span class="badge log pass-bg">Pass</span></td>
<td>06:49:23 am</td>
<td>
<a href="#" class="linked" test-id='1' id='1'>Full Payment With URL</a>
</td>
</tr>
</tbody>
</table>
</div>
</li>
</ul>
</div>
</div>
<div class="test-content scrollable">
<div class="test-content-detail">
<div class="detail-body"></div>
</div>
</div>
</div><div class="container-fluid p-4 view dashboard-view">
<div class="row">
<div class="col-md-3">
<div class="card"><div class="card-body">
<p class="m-b-0">Started</p>
<h3>Aug 20, 2025 06:48:59 am</h3>
</div></div>
</div>
<div class="col-md-3">
<div class="card"><div class="card-body">
<p class="m-b-0">Ended</p>
<h3>Aug 20, 2025 06:53:12 am</h3>
</div></div>
</div>
<div class="col-md-3">
<div class="card"><div class="card-body">
<p class="m-b-0 text-pass">Tests Passed</p>
<h3>7</h3>
</div></div>
</div>
<div class="col-md-3">
<div class="card"><div class="card-body">
<p class="m-b-0 text-fail">Tests Failed</p>
<h3>11</h3>
</div></div>
</div>
</div>
<div class="row">
<div class="col-md-6">
<div class="card">
<div class="card-header">
<h6 class="card-title">Tests</h6>
</div>
<div class="card-body">
<div class="">
<canvas id='parent-analysis' width='115' height='90'></canvas>
</div>
</div>
<div class="card-footer">
<div><small data-tooltip='38%'>
<b>7</b> tests passed
</small>
</div>
<div>
<small data-tooltip='61%'><b>11</b> tests failed,
<b>0</b> skipped, <b data-tooltip='0%'>0</b> others
</small>
</div>
</div>
</div>
</div>
<div class="col-md-6">
<div class="card">
<div class="card-header">
<h6 class="card-title">Log events</h6>
</div>
<div class="card-body">
<div class="">
<canvas id='events-analysis' width='115' height='90'></canvas>
</div>
</div>
<div class="card-footer">
<div><small data-tooltip='10%'><b>16</b> events passed</small></div>
<div>
<small data-tooltip='21%'><b>32</b> events failed,
<b data-tooltip='%'>101</b> others
</small>
</div>
</div>
</div>
</div>
</div>
<div class="row"><div class="col-md-12">
<div class="card"><div class="card-header"><p>Timeline</p></div>
<div class="card-body pt-0"><div>
<canvas id="timeline" height="120"></canvas>
</div></div>
</div>
</div></div>
<script>
var timeline = {
"Full Payment With URL":0.959,"TC001FullCardPayment.testCreateBookingWithCardPayment":93.031,"TC001_EditFullCardPayBooking.testChangeBookingStatusToInProgress":14.591,"TC001_EditFullCardPayBooking.testAddPackage_AdditionalGuest":58.835,"TC001_EditFullCardPayBooking.testVerifyPaymentMethod_PaidAmountInTrasactionHistory":13.817,"TC001_EditFullCardPayBooking.testVerifyForceRefund":16.28,"TC002FullCashPayment.testCreateBookingWithCashPayment":1.26,"TC002EditFullCashPayBooking.testChangeBookingStatusToCheckIn":1.27,"TC002EditFullCashPayBooking.testAddPackage_AdditionalGuest":1.237,"TC002EditFullCashPayBooking.testVerifyPaymentMethod_PaidAmountInTrasactionHistory":1.208,"TC003FullOtherPayment.testCreateBookingWithOtherPayment":1.275,"TC003EditFullOtherPayBooking.testChangeBookingStatusToDone":1.228,"TC003EditFullOtherPayBooking.testChangeReservationSlot":1.184,"TC003EditFullOtherPayBooking.testVerifyPaymentMethod_PaidAmountInTrasactionHistory":1.265,"TC004FullEmailPayment.testCreateBookingWithEmailPayment":1.274,"TC004_EditFullEmailPayBooking.testAddAddons":1.185,"TC005FullPayVia_PaymentURL.testCreateBookingWithPaymentURL":5.738,"TC005EditFullPayVia_PaymentURL.testChangeBookingStatusToCancel":9.519
};
</script>
<div class="row">
<div class="col-lg-6 col-md-12 author-container">
<div class="card">
<div class="card-header"><p>Author</p></div>
<div class="card-body pb-0 pt-0"><table class="table table-sm table-bordered">
<thead><tr class="bg-gray"><th>Name</th><th>Passed</th><th>Failed</th><th>Skipped</th><th>Others</th><th>Passed %</th></tr></thead>
<tbody>
<tr>
<td>Dipali</td>
<td>1</td>
<td>0</td>
<td>0</td>
<td>0</td>
<td>100%</td>
</tr>
</tbody>
</table></div>
</div>
</div>
<div class="col-lg-6 col-md-12 device-container">
<div class="card">
<div class="card-header"><p>Device</p></div>
<div class="card-body pb-0 pt-0"><table class="table table-sm table-bordered">
<thead><tr class="bg-gray"><th>Name</th><th>Passed</th><th>Failed</th><th>Skipped</th><th>Others</th><th>Passed %</th></tr></thead>
<tbody>
<tr>
<td>chrome139</td>
<td>1</td>
<td>0</td>
<td>0</td>
<td>0</td>
<td>100%</td>
</tr>
</tbody>
</table></div>
</div>
</div>
<div class="col-lg-6 col-md-12 sysenv-container">
<div class="card">
<div class="card-header"><p>System/Environment</p></div>
<div class="card-body pb-0 pt-0"><table class="table table-sm table-bordered">
<thead><tr class="bg-gray"><th>Name</th><th>Value</th></tr></thead>
<tbody>
<tr>
<td>OS</td>
<td>Windows 11</td>
</tr>
<tr>
<td>Java Version</td>
<td>17.0.2</td>
</tr>
<tr>
<td>User Name</td>
<td>dipali</td>
</tr>
</tbody>
</table></div>
</div>
</div>
</div>
</div>
<script>
var statusGroup = {
parentCount: 5,
passParent: 7,
failParent: 11,
warningParent: 0,
skipParent: 0,
childCount: 5,
passChild: 0,
failChild: 0,
warningChild: 0,
skipChild: 0,
infoChild: 0,
grandChildCount: 5,
passGrandChild: 0,
failGrandChild: 0,
warningGrandChild: 0,
skipGrandChild: 0,
infoGrandChild: 0,
eventsCount: 5,
passEvents: 16,
failEvents: 32,
warningEvents: 0,
skipEvents: 0,
infoEvents: 101
};
</script>        </div>
      </div>
    </div>
  </div>
<script src="https://cdn.jsdelivr.net/gh/extent-framework/extent-github-cdn@d6562a79075e061305ccfdb82f01e5e195e2d307/spark/js/spark-script.js"></script>
<script type="text/javascript"></script></body>
</html>