<?xml version="1.0" encoding="UTF-8"?>
<!-- Generated by org.testng.reporters.JUnitXMLReporter -->
<testsuite ignored="0" hostname="LP-Dipali" failures="1" tests="1" name="Create Per Hour Plan" time="56.141" errors="0" timestamp="2025-04-13T09:11:17 GMT-04:00">
  <testcase classname="com.bookingzoneadmin.createplans.tests.TC005_CreatePerHourPlan" name="testCreatePerHourPlan" time="54.681">
    <failure type="java.lang.AssertionError" message="Test case failed due to exception: Expected condition failed: waiting for element to be clickable: Proxy element for: DefaultElementLocator &amp;apos;By.xpath: //select[@name=&amp;apos;schedules.0.venueDetail.0.serviceCategory&amp;apos;]&amp;apos; (tried for 30 second(s) with 500 milliseconds interval)">
      <![CDATA[java.lang.AssertionError: Test case failed due to exception: Expected condition failed: waiting for element to be clickable: Proxy element for: DefaultElementLocator 'By.xpath: //select[@name='schedules.0.venueDetail.0.serviceCategory']' (tried for 30 second(s) with 500 milliseconds interval)
at com.bookingzoneadmin.createplans.tests.TC005_CreatePerHourPlan.handleException(TC005_CreatePerHourPlan.java:224)
at com.bookingzoneadmin.createplans.tests.TC005_CreatePerHourPlan.testCreatePerHourPlan(TC005_CreatePerHourPlan.java:148)
at java.base/java.util.ArrayList.forEach(ArrayList.java:1511)
... Removed 32 stack frames]]>
    </failure>
  </testcase> <!-- testCreatePerHourPlan -->
</testsuite> <!-- Create Per Hour Plan -->
